The system is: Linux - 5.5.6-arch1-1 - x86_64
Compiling the C compiler identification source file "CMakeCCompilerId.c" succeeded.
Compiler: /usr/bin/cc 
Build flags: 
Id flags:  

The output was:
0


Compilation of the C compiler identification source "CMakeCCompilerId.c" produced "a.out"

The C compiler identification is GNU, found in "/home/nr/code/CeeBee/cmocka-build/CMakeFiles/3.16.5/CompilerIdC/a.out"

Determining if the C compiler works passed with the following output:
Change Dir: /home/nr/code/CeeBee/cmocka-build/CMakeFiles/CMakeTmp

Run Build Command(s):/usr/bin/make cmTC_902e1/fast && /usr/bin/make -f CMakeFiles/cmTC_902e1.dir/build.make CMakeFiles/cmTC_902e1.dir/build
make[1]: Entering directory '/home/nr/code/CeeBee/cmocka-build/CMakeFiles/CMakeTmp'
Building C object CMakeFiles/cmTC_902e1.dir/testCCompiler.c.o
/usr/bin/cc    -o CMakeFiles/cmTC_902e1.dir/testCCompiler.c.o   -c /home/nr/code/CeeBee/cmocka-build/CMakeFiles/CMakeTmp/testCCompiler.c
Linking C executable cmTC_902e1
/usr/bin/cmake -E cmake_link_script CMakeFiles/cmTC_902e1.dir/link.txt --verbose=1
/usr/bin/cc      -rdynamic CMakeFiles/cmTC_902e1.dir/testCCompiler.c.o  -o cmTC_902e1 
make[1]: Leaving directory '/home/nr/code/CeeBee/cmocka-build/CMakeFiles/CMakeTmp'



Detecting C compiler ABI info compiled with the following output:
Change Dir: /home/nr/code/CeeBee/cmocka-build/CMakeFiles/CMakeTmp

Run Build Command(s):/usr/bin/make cmTC_1fded/fast && /usr/bin/make -f CMakeFiles/cmTC_1fded.dir/build.make CMakeFiles/cmTC_1fded.dir/build
make[1]: Entering directory '/home/nr/code/CeeBee/cmocka-build/CMakeFiles/CMakeTmp'
Building C object CMakeFiles/cmTC_1fded.dir/CMakeCCompilerABI.c.o
/usr/bin/cc   -v -o CMakeFiles/cmTC_1fded.dir/CMakeCCompilerABI.c.o   -c /usr/share/cmake-3.16/Modules/CMakeCCompilerABI.c
Using built-in specs.
COLLECT_GCC=/usr/bin/cc
Target: x86_64-pc-linux-gnu
Configured with: /build/gcc/src/gcc/configure --prefix=/usr --libdir=/usr/lib --libexecdir=/usr/lib --mandir=/usr/share/man --infodir=/usr/share/info --with-pkgversion='Arch Linux 9.2.1+20200130-2' --with-bugurl=https://bugs.archlinux.org/ --enable-languages=c,c++,ada,fortran,go,lto,objc,obj-c++,d --enable-shared --enable-threads=posix --with-system-zlib --with-isl --enable-__cxa_atexit --disable-libunwind-exceptions --enable-clocale=gnu --disable-libstdcxx-pch --disable-libssp --enable-gnu-unique-object --enable-linker-build-id --enable-lto --enable-plugin --enable-install-libiberty --with-linker-hash-style=gnu --enable-gnu-indirect-function --enable-multilib --disable-werror --enable-checking=release --enable-default-pie --enable-default-ssp --enable-cet=auto gdc_include_dir=/usr/include/dlang/gdc
Thread model: posix
gcc version 9.2.1 20200130 (Arch Linux 9.2.1+20200130-2) 
COLLECT_GCC_OPTIONS='-v' '-o' 'CMakeFiles/cmTC_1fded.dir/CMakeCCompilerABI.c.o' '-c' '-mtune=generic' '-march=x86-64'
 /usr/lib/gcc/x86_64-pc-linux-gnu/9.2.1/cc1 -quiet -v /usr/share/cmake-3.16/Modules/CMakeCCompilerABI.c -quiet -dumpbase CMakeCCompilerABI.c -mtune=generic -march=x86-64 -auxbase-strip CMakeFiles/cmTC_1fded.dir/CMakeCCompilerABI.c.o -version -o /tmp/ccthK15U.s
GNU C17 (Arch Linux 9.2.1+20200130-2) version 9.2.1 20200130 (x86_64-pc-linux-gnu)
	compiled by GNU C version 9.2.1 20200130, GMP version 6.2.0, MPFR version 4.0.2, MPC version 1.1.0, isl version isl-0.21-GMP

GGC heuristics: --param ggc-min-expand=100 --param ggc-min-heapsize=131072
ignoring nonexistent directory "/usr/lib/gcc/x86_64-pc-linux-gnu/9.2.1/../../../../x86_64-pc-linux-gnu/include"
#include "..." search starts here:
#include <...> search starts here:
 /usr/lib/gcc/x86_64-pc-linux-gnu/9.2.1/include
 /usr/local/include
 /usr/lib/gcc/x86_64-pc-linux-gnu/9.2.1/include-fixed
 /usr/include
End of search list.
GNU C17 (Arch Linux 9.2.1+20200130-2) version 9.2.1 20200130 (x86_64-pc-linux-gnu)
	compiled by GNU C version 9.2.1 20200130, GMP version 6.2.0, MPFR version 4.0.2, MPC version 1.1.0, isl version isl-0.21-GMP

GGC heuristics: --param ggc-min-expand=100 --param ggc-min-heapsize=131072
Compiler executable checksum: 3aaa94857c123f2071b8be0d161ad9fe
COLLECT_GCC_OPTIONS='-v' '-o' 'CMakeFiles/cmTC_1fded.dir/CMakeCCompilerABI.c.o' '-c' '-mtune=generic' '-march=x86-64'
 as -v --64 -o CMakeFiles/cmTC_1fded.dir/CMakeCCompilerABI.c.o /tmp/ccthK15U.s
GNU assembler version 2.34 (x86_64-pc-linux-gnu) using BFD version (GNU Binutils) 2.34
COMPILER_PATH=/usr/lib/gcc/x86_64-pc-linux-gnu/9.2.1/:/usr/lib/gcc/x86_64-pc-linux-gnu/9.2.1/:/usr/lib/gcc/x86_64-pc-linux-gnu/:/usr/lib/gcc/x86_64-pc-linux-gnu/9.2.1/:/usr/lib/gcc/x86_64-pc-linux-gnu/
LIBRARY_PATH=/usr/lib/gcc/x86_64-pc-linux-gnu/9.2.1/:/usr/lib/gcc/x86_64-pc-linux-gnu/9.2.1/../../../../lib/:/lib/../lib/:/usr/lib/../lib/:/usr/lib/gcc/x86_64-pc-linux-gnu/9.2.1/../../../:/lib/:/usr/lib/
COLLECT_GCC_OPTIONS='-v' '-o' 'CMakeFiles/cmTC_1fded.dir/CMakeCCompilerABI.c.o' '-c' '-mtune=generic' '-march=x86-64'
Linking C executable cmTC_1fded
/usr/bin/cmake -E cmake_link_script CMakeFiles/cmTC_1fded.dir/link.txt --verbose=1
/usr/bin/cc     -v -rdynamic CMakeFiles/cmTC_1fded.dir/CMakeCCompilerABI.c.o  -o cmTC_1fded 
Using built-in specs.
COLLECT_GCC=/usr/bin/cc
COLLECT_LTO_WRAPPER=/usr/lib/gcc/x86_64-pc-linux-gnu/9.2.1/lto-wrapper
Target: x86_64-pc-linux-gnu
Configured with: /build/gcc/src/gcc/configure --prefix=/usr --libdir=/usr/lib --libexecdir=/usr/lib --mandir=/usr/share/man --infodir=/usr/share/info --with-pkgversion='Arch Linux 9.2.1+20200130-2' --with-bugurl=https://bugs.archlinux.org/ --enable-languages=c,c++,ada,fortran,go,lto,objc,obj-c++,d --enable-shared --enable-threads=posix --with-system-zlib --with-isl --enable-__cxa_atexit --disable-libunwind-exceptions --enable-clocale=gnu --disable-libstdcxx-pch --disable-libssp --enable-gnu-unique-object --enable-linker-build-id --enable-lto --enable-plugin --enable-install-libiberty --with-linker-hash-style=gnu --enable-gnu-indirect-function --enable-multilib --disable-werror --enable-checking=release --enable-default-pie --enable-default-ssp --enable-cet=auto gdc_include_dir=/usr/include/dlang/gdc
Thread model: posix
gcc version 9.2.1 20200130 (Arch Linux 9.2.1+20200130-2) 
COMPILER_PATH=/usr/lib/gcc/x86_64-pc-linux-gnu/9.2.1/:/usr/lib/gcc/x86_64-pc-linux-gnu/9.2.1/:/usr/lib/gcc/x86_64-pc-linux-gnu/:/usr/lib/gcc/x86_64-pc-linux-gnu/9.2.1/:/usr/lib/gcc/x86_64-pc-linux-gnu/
LIBRARY_PATH=/usr/lib/gcc/x86_64-pc-linux-gnu/9.2.1/:/usr/lib/gcc/x86_64-pc-linux-gnu/9.2.1/../../../../lib/:/lib/../lib/:/usr/lib/../lib/:/usr/lib/gcc/x86_64-pc-linux-gnu/9.2.1/../../../:/lib/:/usr/lib/
COLLECT_GCC_OPTIONS='-v' '-rdynamic' '-o' 'cmTC_1fded' '-mtune=generic' '-march=x86-64'
 /usr/lib/gcc/x86_64-pc-linux-gnu/9.2.1/collect2 -plugin /usr/lib/gcc/x86_64-pc-linux-gnu/9.2.1/liblto_plugin.so -plugin-opt=/usr/lib/gcc/x86_64-pc-linux-gnu/9.2.1/lto-wrapper -plugin-opt=-fresolution=/tmp/ccqTAhth.res -plugin-opt=-pass-through=-lgcc -plugin-opt=-pass-through=-lgcc_s -plugin-opt=-pass-through=-lc -plugin-opt=-pass-through=-lgcc -plugin-opt=-pass-through=-lgcc_s --build-id --eh-frame-hdr --hash-style=gnu -m elf_x86_64 -export-dynamic -dynamic-linker /lib64/ld-linux-x86-64.so.2 -pie -o cmTC_1fded /usr/lib/gcc/x86_64-pc-linux-gnu/9.2.1/../../../../lib/Scrt1.o /usr/lib/gcc/x86_64-pc-linux-gnu/9.2.1/../../../../lib/crti.o /usr/lib/gcc/x86_64-pc-linux-gnu/9.2.1/crtbeginS.o -L/usr/lib/gcc/x86_64-pc-linux-gnu/9.2.1 -L/usr/lib/gcc/x86_64-pc-linux-gnu/9.2.1/../../../../lib -L/lib/../lib -L/usr/lib/../lib -L/usr/lib/gcc/x86_64-pc-linux-gnu/9.2.1/../../.. CMakeFiles/cmTC_1fded.dir/CMakeCCompilerABI.c.o -lgcc --push-state --as-needed -lgcc_s --pop-state -lc -lgcc --push-state --as-needed -lgcc_s --pop-state /usr/lib/gcc/x86_64-pc-linux-gnu/9.2.1/crtendS.o /usr/lib/gcc/x86_64-pc-linux-gnu/9.2.1/../../../../lib/crtn.o
COLLECT_GCC_OPTIONS='-v' '-rdynamic' '-o' 'cmTC_1fded' '-mtune=generic' '-march=x86-64'
make[1]: Leaving directory '/home/nr/code/CeeBee/cmocka-build/CMakeFiles/CMakeTmp'



Parsed C implicit include dir info from above output: rv=done
  found start of include info
  found start of implicit include info
    add: [/usr/lib/gcc/x86_64-pc-linux-gnu/9.2.1/include]
    add: [/usr/local/include]
    add: [/usr/lib/gcc/x86_64-pc-linux-gnu/9.2.1/include-fixed]
    add: [/usr/include]
  end of search list found
  collapse include dir [/usr/lib/gcc/x86_64-pc-linux-gnu/9.2.1/include] ==> [/usr/lib/gcc/x86_64-pc-linux-gnu/9.2.1/include]
  collapse include dir [/usr/local/include] ==> [/usr/local/include]
  collapse include dir [/usr/lib/gcc/x86_64-pc-linux-gnu/9.2.1/include-fixed] ==> [/usr/lib/gcc/x86_64-pc-linux-gnu/9.2.1/include-fixed]
  collapse include dir [/usr/include] ==> [/usr/include]
  implicit include dirs: [/usr/lib/gcc/x86_64-pc-linux-gnu/9.2.1/include;/usr/local/include;/usr/lib/gcc/x86_64-pc-linux-gnu/9.2.1/include-fixed;/usr/include]


Parsed C implicit link information from above output:
  link line regex: [^( *|.*[/\])(ld|CMAKE_LINK_STARTFILE-NOTFOUND|([^/\]+-)?ld|collect2)[^/\]*( |$)]
  ignore line: [Change Dir: /home/nr/code/CeeBee/cmocka-build/CMakeFiles/CMakeTmp]
  ignore line: []
  ignore line: [Run Build Command(s):/usr/bin/make cmTC_1fded/fast && /usr/bin/make -f CMakeFiles/cmTC_1fded.dir/build.make CMakeFiles/cmTC_1fded.dir/build]
  ignore line: [make[1]: Entering directory '/home/nr/code/CeeBee/cmocka-build/CMakeFiles/CMakeTmp']
  ignore line: [Building C object CMakeFiles/cmTC_1fded.dir/CMakeCCompilerABI.c.o]
  ignore line: [/usr/bin/cc   -v -o CMakeFiles/cmTC_1fded.dir/CMakeCCompilerABI.c.o   -c /usr/share/cmake-3.16/Modules/CMakeCCompilerABI.c]
  ignore line: [Using built-in specs.]
  ignore line: [COLLECT_GCC=/usr/bin/cc]
  ignore line: [Target: x86_64-pc-linux-gnu]
  ignore line: [Configured with: /build/gcc/src/gcc/configure --prefix=/usr --libdir=/usr/lib --libexecdir=/usr/lib --mandir=/usr/share/man --infodir=/usr/share/info --with-pkgversion='Arch Linux 9.2.1+20200130-2' --with-bugurl=https://bugs.archlinux.org/ --enable-languages=c c++ ada fortran go lto objc obj-c++ d --enable-shared --enable-threads=posix --with-system-zlib --with-isl --enable-__cxa_atexit --disable-libunwind-exceptions --enable-clocale=gnu --disable-libstdcxx-pch --disable-libssp --enable-gnu-unique-object --enable-linker-build-id --enable-lto --enable-plugin --enable-install-libiberty --with-linker-hash-style=gnu --enable-gnu-indirect-function --enable-multilib --disable-werror --enable-checking=release --enable-default-pie --enable-default-ssp --enable-cet=auto gdc_include_dir=/usr/include/dlang/gdc]
  ignore line: [Thread model: posix]
  ignore line: [gcc version 9.2.1 20200130 (Arch Linux 9.2.1+20200130-2) ]
  ignore line: [COLLECT_GCC_OPTIONS='-v' '-o' 'CMakeFiles/cmTC_1fded.dir/CMakeCCompilerABI.c.o' '-c' '-mtune=generic' '-march=x86-64']
  ignore line: [ /usr/lib/gcc/x86_64-pc-linux-gnu/9.2.1/cc1 -quiet -v /usr/share/cmake-3.16/Modules/CMakeCCompilerABI.c -quiet -dumpbase CMakeCCompilerABI.c -mtune=generic -march=x86-64 -auxbase-strip CMakeFiles/cmTC_1fded.dir/CMakeCCompilerABI.c.o -version -o /tmp/ccthK15U.s]
  ignore line: [GNU C17 (Arch Linux 9.2.1+20200130-2) version 9.2.1 20200130 (x86_64-pc-linux-gnu)]
  ignore line: [	compiled by GNU C version 9.2.1 20200130  GMP version 6.2.0  MPFR version 4.0.2  MPC version 1.1.0  isl version isl-0.21-GMP]
  ignore line: []
  ignore line: [GGC heuristics: --param ggc-min-expand=100 --param ggc-min-heapsize=131072]
  ignore line: [ignoring nonexistent directory "/usr/lib/gcc/x86_64-pc-linux-gnu/9.2.1/../../../../x86_64-pc-linux-gnu/include"]
  ignore line: [#include "..." search starts here:]
  ignore line: [#include <...> search starts here:]
  ignore line: [ /usr/lib/gcc/x86_64-pc-linux-gnu/9.2.1/include]
  ignore line: [ /usr/local/include]
  ignore line: [ /usr/lib/gcc/x86_64-pc-linux-gnu/9.2.1/include-fixed]
  ignore line: [ /usr/include]
  ignore line: [End of search list.]
  ignore line: [GNU C17 (Arch Linux 9.2.1+20200130-2) version 9.2.1 20200130 (x86_64-pc-linux-gnu)]
  ignore line: [	compiled by GNU C version 9.2.1 20200130  GMP version 6.2.0  MPFR version 4.0.2  MPC version 1.1.0  isl version isl-0.21-GMP]
  ignore line: []
  ignore line: [GGC heuristics: --param ggc-min-expand=100 --param ggc-min-heapsize=131072]
  ignore line: [Compiler executable checksum: 3aaa94857c123f2071b8be0d161ad9fe]
  ignore line: [COLLECT_GCC_OPTIONS='-v' '-o' 'CMakeFiles/cmTC_1fded.dir/CMakeCCompilerABI.c.o' '-c' '-mtune=generic' '-march=x86-64']
  ignore line: [ as -v --64 -o CMakeFiles/cmTC_1fded.dir/CMakeCCompilerABI.c.o /tmp/ccthK15U.s]
  ignore line: [GNU assembler version 2.34 (x86_64-pc-linux-gnu) using BFD version (GNU Binutils) 2.34]
  ignore line: [COMPILER_PATH=/usr/lib/gcc/x86_64-pc-linux-gnu/9.2.1/:/usr/lib/gcc/x86_64-pc-linux-gnu/9.2.1/:/usr/lib/gcc/x86_64-pc-linux-gnu/:/usr/lib/gcc/x86_64-pc-linux-gnu/9.2.1/:/usr/lib/gcc/x86_64-pc-linux-gnu/]
  ignore line: [LIBRARY_PATH=/usr/lib/gcc/x86_64-pc-linux-gnu/9.2.1/:/usr/lib/gcc/x86_64-pc-linux-gnu/9.2.1/../../../../lib/:/lib/../lib/:/usr/lib/../lib/:/usr/lib/gcc/x86_64-pc-linux-gnu/9.2.1/../../../:/lib/:/usr/lib/]
  ignore line: [COLLECT_GCC_OPTIONS='-v' '-o' 'CMakeFiles/cmTC_1fded.dir/CMakeCCompilerABI.c.o' '-c' '-mtune=generic' '-march=x86-64']
  ignore line: [Linking C executable cmTC_1fded]
  ignore line: [/usr/bin/cmake -E cmake_link_script CMakeFiles/cmTC_1fded.dir/link.txt --verbose=1]
  ignore line: [/usr/bin/cc     -v -rdynamic CMakeFiles/cmTC_1fded.dir/CMakeCCompilerABI.c.o  -o cmTC_1fded ]
  ignore line: [Using built-in specs.]
  ignore line: [COLLECT_GCC=/usr/bin/cc]
  ignore line: [COLLECT_LTO_WRAPPER=/usr/lib/gcc/x86_64-pc-linux-gnu/9.2.1/lto-wrapper]
  ignore line: [Target: x86_64-pc-linux-gnu]
  ignore line: [Configured with: /build/gcc/src/gcc/configure --prefix=/usr --libdir=/usr/lib --libexecdir=/usr/lib --mandir=/usr/share/man --infodir=/usr/share/info --with-pkgversion='Arch Linux 9.2.1+20200130-2' --with-bugurl=https://bugs.archlinux.org/ --enable-languages=c c++ ada fortran go lto objc obj-c++ d --enable-shared --enable-threads=posix --with-system-zlib --with-isl --enable-__cxa_atexit --disable-libunwind-exceptions --enable-clocale=gnu --disable-libstdcxx-pch --disable-libssp --enable-gnu-unique-object --enable-linker-build-id --enable-lto --enable-plugin --enable-install-libiberty --with-linker-hash-style=gnu --enable-gnu-indirect-function --enable-multilib --disable-werror --enable-checking=release --enable-default-pie --enable-default-ssp --enable-cet=auto gdc_include_dir=/usr/include/dlang/gdc]
  ignore line: [Thread model: posix]
  ignore line: [gcc version 9.2.1 20200130 (Arch Linux 9.2.1+20200130-2) ]
  ignore line: [COMPILER_PATH=/usr/lib/gcc/x86_64-pc-linux-gnu/9.2.1/:/usr/lib/gcc/x86_64-pc-linux-gnu/9.2.1/:/usr/lib/gcc/x86_64-pc-linux-gnu/:/usr/lib/gcc/x86_64-pc-linux-gnu/9.2.1/:/usr/lib/gcc/x86_64-pc-linux-gnu/]
  ignore line: [LIBRARY_PATH=/usr/lib/gcc/x86_64-pc-linux-gnu/9.2.1/:/usr/lib/gcc/x86_64-pc-linux-gnu/9.2.1/../../../../lib/:/lib/../lib/:/usr/lib/../lib/:/usr/lib/gcc/x86_64-pc-linux-gnu/9.2.1/../../../:/lib/:/usr/lib/]
  ignore line: [COLLECT_GCC_OPTIONS='-v' '-rdynamic' '-o' 'cmTC_1fded' '-mtune=generic' '-march=x86-64']
  link line: [ /usr/lib/gcc/x86_64-pc-linux-gnu/9.2.1/collect2 -plugin /usr/lib/gcc/x86_64-pc-linux-gnu/9.2.1/liblto_plugin.so -plugin-opt=/usr/lib/gcc/x86_64-pc-linux-gnu/9.2.1/lto-wrapper -plugin-opt=-fresolution=/tmp/ccqTAhth.res -plugin-opt=-pass-through=-lgcc -plugin-opt=-pass-through=-lgcc_s -plugin-opt=-pass-through=-lc -plugin-opt=-pass-through=-lgcc -plugin-opt=-pass-through=-lgcc_s --build-id --eh-frame-hdr --hash-style=gnu -m elf_x86_64 -export-dynamic -dynamic-linker /lib64/ld-linux-x86-64.so.2 -pie -o cmTC_1fded /usr/lib/gcc/x86_64-pc-linux-gnu/9.2.1/../../../../lib/Scrt1.o /usr/lib/gcc/x86_64-pc-linux-gnu/9.2.1/../../../../lib/crti.o /usr/lib/gcc/x86_64-pc-linux-gnu/9.2.1/crtbeginS.o -L/usr/lib/gcc/x86_64-pc-linux-gnu/9.2.1 -L/usr/lib/gcc/x86_64-pc-linux-gnu/9.2.1/../../../../lib -L/lib/../lib -L/usr/lib/../lib -L/usr/lib/gcc/x86_64-pc-linux-gnu/9.2.1/../../.. CMakeFiles/cmTC_1fded.dir/CMakeCCompilerABI.c.o -lgcc --push-state --as-needed -lgcc_s --pop-state -lc -lgcc --push-state --as-needed -lgcc_s --pop-state /usr/lib/gcc/x86_64-pc-linux-gnu/9.2.1/crtendS.o /usr/lib/gcc/x86_64-pc-linux-gnu/9.2.1/../../../../lib/crtn.o]
    arg [/usr/lib/gcc/x86_64-pc-linux-gnu/9.2.1/collect2] ==> ignore
    arg [-plugin] ==> ignore
    arg [/usr/lib/gcc/x86_64-pc-linux-gnu/9.2.1/liblto_plugin.so] ==> ignore
    arg [-plugin-opt=/usr/lib/gcc/x86_64-pc-linux-gnu/9.2.1/lto-wrapper] ==> ignore
    arg [-plugin-opt=-fresolution=/tmp/ccqTAhth.res] ==> ignore
    arg [-plugin-opt=-pass-through=-lgcc] ==> ignore
    arg [-plugin-opt=-pass-through=-lgcc_s] ==> ignore
    arg [-plugin-opt=-pass-through=-lc] ==> ignore
    arg [-plugin-opt=-pass-through=-lgcc] ==> ignore
    arg [-plugin-opt=-pass-through=-lgcc_s] ==> ignore
    arg [--build-id] ==> ignore
    arg [--eh-frame-hdr] ==> ignore
    arg [--hash-style=gnu] ==> ignore
    arg [-m] ==> ignore
    arg [elf_x86_64] ==> ignore
    arg [-export-dynamic] ==> ignore
    arg [-dynamic-linker] ==> ignore
    arg [/lib64/ld-linux-x86-64.so.2] ==> ignore
    arg [-pie] ==> ignore
    arg [-o] ==> ignore
    arg [cmTC_1fded] ==> ignore
    arg [/usr/lib/gcc/x86_64-pc-linux-gnu/9.2.1/../../../../lib/Scrt1.o] ==> ignore
    arg [/usr/lib/gcc/x86_64-pc-linux-gnu/9.2.1/../../../../lib/crti.o] ==> ignore
    arg [/usr/lib/gcc/x86_64-pc-linux-gnu/9.2.1/crtbeginS.o] ==> ignore
    arg [-L/usr/lib/gcc/x86_64-pc-linux-gnu/9.2.1] ==> dir [/usr/lib/gcc/x86_64-pc-linux-gnu/9.2.1]
    arg [-L/usr/lib/gcc/x86_64-pc-linux-gnu/9.2.1/../../../../lib] ==> dir [/usr/lib/gcc/x86_64-pc-linux-gnu/9.2.1/../../../../lib]
    arg [-L/lib/../lib] ==> dir [/lib/../lib]
    arg [-L/usr/lib/../lib] ==> dir [/usr/lib/../lib]
    arg [-L/usr/lib/gcc/x86_64-pc-linux-gnu/9.2.1/../../..] ==> dir [/usr/lib/gcc/x86_64-pc-linux-gnu/9.2.1/../../..]
    arg [CMakeFiles/cmTC_1fded.dir/CMakeCCompilerABI.c.o] ==> ignore
    arg [-lgcc] ==> lib [gcc]
    arg [--push-state] ==> ignore
    arg [--as-needed] ==> ignore
    arg [-lgcc_s] ==> lib [gcc_s]
    arg [--pop-state] ==> ignore
    arg [-lc] ==> lib [c]
    arg [-lgcc] ==> lib [gcc]
    arg [--push-state] ==> ignore
    arg [--as-needed] ==> ignore
    arg [-lgcc_s] ==> lib [gcc_s]
    arg [--pop-state] ==> ignore
    arg [/usr/lib/gcc/x86_64-pc-linux-gnu/9.2.1/crtendS.o] ==> ignore
    arg [/usr/lib/gcc/x86_64-pc-linux-gnu/9.2.1/../../../../lib/crtn.o] ==> ignore
  collapse library dir [/usr/lib/gcc/x86_64-pc-linux-gnu/9.2.1] ==> [/usr/lib/gcc/x86_64-pc-linux-gnu/9.2.1]
  collapse library dir [/usr/lib/gcc/x86_64-pc-linux-gnu/9.2.1/../../../../lib] ==> [/usr/lib]
  collapse library dir [/lib/../lib] ==> [/lib]
  collapse library dir [/usr/lib/../lib] ==> [/usr/lib]
  collapse library dir [/usr/lib/gcc/x86_64-pc-linux-gnu/9.2.1/../../..] ==> [/usr/lib]
  implicit libs: [gcc;gcc_s;c;gcc;gcc_s]
  implicit dirs: [/usr/lib/gcc/x86_64-pc-linux-gnu/9.2.1;/usr/lib;/lib]
  implicit fwks: []


Performing C SOURCE FILE Test REQUIRED_FLAGS_WERROR succeeded with the following output:
Change Dir: /home/nr/code/CeeBee/cmocka-build/CMakeFiles/CMakeTmp

Run Build Command(s):/usr/bin/make cmTC_b4bbf/fast && /usr/bin/make -f CMakeFiles/cmTC_b4bbf.dir/build.make CMakeFiles/cmTC_b4bbf.dir/build
make[1]: Entering directory '/home/nr/code/CeeBee/cmocka-build/CMakeFiles/CMakeTmp'
Building C object CMakeFiles/cmTC_b4bbf.dir/src.c.o
/usr/bin/cc   -DREQUIRED_FLAGS_WERROR   -Werror -o CMakeFiles/cmTC_b4bbf.dir/src.c.o   -c /home/nr/code/CeeBee/cmocka-build/CMakeFiles/CMakeTmp/src.c
Linking C executable cmTC_b4bbf
/usr/bin/cmake -E cmake_link_script CMakeFiles/cmTC_b4bbf.dir/link.txt --verbose=1
/usr/bin/cc  -DREQUIRED_FLAGS_WERROR    -rdynamic CMakeFiles/cmTC_b4bbf.dir/src.c.o  -o cmTC_b4bbf 
make[1]: Leaving directory '/home/nr/code/CeeBee/cmocka-build/CMakeFiles/CMakeTmp'


Source file was:
int main(void) { return 0; }
Performing C SOURCE FILE Test WITH_STD_GNU99_FLAG succeeded with the following output:
Change Dir: /home/nr/code/CeeBee/cmocka-build/CMakeFiles/CMakeTmp

Run Build Command(s):/usr/bin/make cmTC_a4bf2/fast && /usr/bin/make -f CMakeFiles/cmTC_a4bf2.dir/build.make CMakeFiles/cmTC_a4bf2.dir/build
make[1]: Entering directory '/home/nr/code/CeeBee/cmocka-build/CMakeFiles/CMakeTmp'
Building C object CMakeFiles/cmTC_a4bf2.dir/src.c.o
/usr/bin/cc   -DWITH_STD_GNU99_FLAG -Werror   -std=gnu99 -o CMakeFiles/cmTC_a4bf2.dir/src.c.o   -c /home/nr/code/CeeBee/cmocka-build/CMakeFiles/CMakeTmp/src.c
Linking C executable cmTC_a4bf2
/usr/bin/cmake -E cmake_link_script CMakeFiles/cmTC_a4bf2.dir/link.txt --verbose=1
/usr/bin/cc  -DWITH_STD_GNU99_FLAG -Werror    -rdynamic CMakeFiles/cmTC_a4bf2.dir/src.c.o  -o cmTC_a4bf2 
make[1]: Leaving directory '/home/nr/code/CeeBee/cmocka-build/CMakeFiles/CMakeTmp'


Source file was:
int main(void) { return 0; }
Performing C SOURCE FILE Test WITH_PEDANTIC_FLAG succeeded with the following output:
Change Dir: /home/nr/code/CeeBee/cmocka-build/CMakeFiles/CMakeTmp

Run Build Command(s):/usr/bin/make cmTC_b433c/fast && /usr/bin/make -f CMakeFiles/cmTC_b433c.dir/build.make CMakeFiles/cmTC_b433c.dir/build
make[1]: Entering directory '/home/nr/code/CeeBee/cmocka-build/CMakeFiles/CMakeTmp'
Building C object CMakeFiles/cmTC_b433c.dir/src.c.o
/usr/bin/cc   -DWITH_PEDANTIC_FLAG -Werror   -pedantic -o CMakeFiles/cmTC_b433c.dir/src.c.o   -c /home/nr/code/CeeBee/cmocka-build/CMakeFiles/CMakeTmp/src.c
Linking C executable cmTC_b433c
/usr/bin/cmake -E cmake_link_script CMakeFiles/cmTC_b433c.dir/link.txt --verbose=1
/usr/bin/cc  -DWITH_PEDANTIC_FLAG -Werror    -rdynamic CMakeFiles/cmTC_b433c.dir/src.c.o  -o cmTC_b433c 
make[1]: Leaving directory '/home/nr/code/CeeBee/cmocka-build/CMakeFiles/CMakeTmp'


Source file was:
int main(void) { return 0; }
Performing C SOURCE FILE Test WITH_PEDANTIC_ERRORS_FLAG succeeded with the following output:
Change Dir: /home/nr/code/CeeBee/cmocka-build/CMakeFiles/CMakeTmp

Run Build Command(s):/usr/bin/make cmTC_2485a/fast && /usr/bin/make -f CMakeFiles/cmTC_2485a.dir/build.make CMakeFiles/cmTC_2485a.dir/build
make[1]: Entering directory '/home/nr/code/CeeBee/cmocka-build/CMakeFiles/CMakeTmp'
Building C object CMakeFiles/cmTC_2485a.dir/src.c.o
/usr/bin/cc   -DWITH_PEDANTIC_ERRORS_FLAG -Werror   -pedantic-errors -o CMakeFiles/cmTC_2485a.dir/src.c.o   -c /home/nr/code/CeeBee/cmocka-build/CMakeFiles/CMakeTmp/src.c
Linking C executable cmTC_2485a
/usr/bin/cmake -E cmake_link_script CMakeFiles/cmTC_2485a.dir/link.txt --verbose=1
/usr/bin/cc  -DWITH_PEDANTIC_ERRORS_FLAG -Werror    -rdynamic CMakeFiles/cmTC_2485a.dir/src.c.o  -o cmTC_2485a 
make[1]: Leaving directory '/home/nr/code/CeeBee/cmocka-build/CMakeFiles/CMakeTmp'


Source file was:
int main(void) { return 0; }
Performing C SOURCE FILE Test WITH_WALL_FLAG succeeded with the following output:
Change Dir: /home/nr/code/CeeBee/cmocka-build/CMakeFiles/CMakeTmp

Run Build Command(s):/usr/bin/make cmTC_c54c6/fast && /usr/bin/make -f CMakeFiles/cmTC_c54c6.dir/build.make CMakeFiles/cmTC_c54c6.dir/build
make[1]: Entering directory '/home/nr/code/CeeBee/cmocka-build/CMakeFiles/CMakeTmp'
Building C object CMakeFiles/cmTC_c54c6.dir/src.c.o
/usr/bin/cc   -DWITH_WALL_FLAG -Werror   -Wall -o CMakeFiles/cmTC_c54c6.dir/src.c.o   -c /home/nr/code/CeeBee/cmocka-build/CMakeFiles/CMakeTmp/src.c
Linking C executable cmTC_c54c6
/usr/bin/cmake -E cmake_link_script CMakeFiles/cmTC_c54c6.dir/link.txt --verbose=1
/usr/bin/cc  -DWITH_WALL_FLAG -Werror    -rdynamic CMakeFiles/cmTC_c54c6.dir/src.c.o  -o cmTC_c54c6 
make[1]: Leaving directory '/home/nr/code/CeeBee/cmocka-build/CMakeFiles/CMakeTmp'


Source file was:
int main(void) { return 0; }
Performing C SOURCE FILE Test WITH_WSHADOW_FLAG succeeded with the following output:
Change Dir: /home/nr/code/CeeBee/cmocka-build/CMakeFiles/CMakeTmp

Run Build Command(s):/usr/bin/make cmTC_2a36a/fast && /usr/bin/make -f CMakeFiles/cmTC_2a36a.dir/build.make CMakeFiles/cmTC_2a36a.dir/build
make[1]: Entering directory '/home/nr/code/CeeBee/cmocka-build/CMakeFiles/CMakeTmp'
Building C object CMakeFiles/cmTC_2a36a.dir/src.c.o
/usr/bin/cc   -DWITH_WSHADOW_FLAG -Werror   -Wshadow -o CMakeFiles/cmTC_2a36a.dir/src.c.o   -c /home/nr/code/CeeBee/cmocka-build/CMakeFiles/CMakeTmp/src.c
Linking C executable cmTC_2a36a
/usr/bin/cmake -E cmake_link_script CMakeFiles/cmTC_2a36a.dir/link.txt --verbose=1
/usr/bin/cc  -DWITH_WSHADOW_FLAG -Werror    -rdynamic CMakeFiles/cmTC_2a36a.dir/src.c.o  -o cmTC_2a36a 
make[1]: Leaving directory '/home/nr/code/CeeBee/cmocka-build/CMakeFiles/CMakeTmp'


Source file was:
int main(void) { return 0; }
Performing C SOURCE FILE Test WITH_WMISSING_PROTOTYPES_FLAG succeeded with the following output:
Change Dir: /home/nr/code/CeeBee/cmocka-build/CMakeFiles/CMakeTmp

Run Build Command(s):/usr/bin/make cmTC_82a34/fast && /usr/bin/make -f CMakeFiles/cmTC_82a34.dir/build.make CMakeFiles/cmTC_82a34.dir/build
make[1]: Entering directory '/home/nr/code/CeeBee/cmocka-build/CMakeFiles/CMakeTmp'
Building C object CMakeFiles/cmTC_82a34.dir/src.c.o
/usr/bin/cc   -DWITH_WMISSING_PROTOTYPES_FLAG -Werror   -Wmissing-prototypes -o CMakeFiles/cmTC_82a34.dir/src.c.o   -c /home/nr/code/CeeBee/cmocka-build/CMakeFiles/CMakeTmp/src.c
Linking C executable cmTC_82a34
/usr/bin/cmake -E cmake_link_script CMakeFiles/cmTC_82a34.dir/link.txt --verbose=1
/usr/bin/cc  -DWITH_WMISSING_PROTOTYPES_FLAG -Werror    -rdynamic CMakeFiles/cmTC_82a34.dir/src.c.o  -o cmTC_82a34 
make[1]: Leaving directory '/home/nr/code/CeeBee/cmocka-build/CMakeFiles/CMakeTmp'


Source file was:
int main(void) { return 0; }
Performing C SOURCE FILE Test WITH_WCAST_ALIGN_FLAG succeeded with the following output:
Change Dir: /home/nr/code/CeeBee/cmocka-build/CMakeFiles/CMakeTmp

Run Build Command(s):/usr/bin/make cmTC_e18df/fast && /usr/bin/make -f CMakeFiles/cmTC_e18df.dir/build.make CMakeFiles/cmTC_e18df.dir/build
make[1]: Entering directory '/home/nr/code/CeeBee/cmocka-build/CMakeFiles/CMakeTmp'
Building C object CMakeFiles/cmTC_e18df.dir/src.c.o
/usr/bin/cc   -DWITH_WCAST_ALIGN_FLAG -Werror   -Wcast-align -o CMakeFiles/cmTC_e18df.dir/src.c.o   -c /home/nr/code/CeeBee/cmocka-build/CMakeFiles/CMakeTmp/src.c
Linking C executable cmTC_e18df
/usr/bin/cmake -E cmake_link_script CMakeFiles/cmTC_e18df.dir/link.txt --verbose=1
/usr/bin/cc  -DWITH_WCAST_ALIGN_FLAG -Werror    -rdynamic CMakeFiles/cmTC_e18df.dir/src.c.o  -o cmTC_e18df 
make[1]: Leaving directory '/home/nr/code/CeeBee/cmocka-build/CMakeFiles/CMakeTmp'


Source file was:
int main(void) { return 0; }
Performing C SOURCE FILE Test WITH_WERROR_ADDRESS_FLAG succeeded with the following output:
Change Dir: /home/nr/code/CeeBee/cmocka-build/CMakeFiles/CMakeTmp

Run Build Command(s):/usr/bin/make cmTC_9b137/fast && /usr/bin/make -f CMakeFiles/cmTC_9b137.dir/build.make CMakeFiles/cmTC_9b137.dir/build
make[1]: Entering directory '/home/nr/code/CeeBee/cmocka-build/CMakeFiles/CMakeTmp'
Building C object CMakeFiles/cmTC_9b137.dir/src.c.o
/usr/bin/cc   -DWITH_WERROR_ADDRESS_FLAG -Werror   -Werror=address -o CMakeFiles/cmTC_9b137.dir/src.c.o   -c /home/nr/code/CeeBee/cmocka-build/CMakeFiles/CMakeTmp/src.c
Linking C executable cmTC_9b137
/usr/bin/cmake -E cmake_link_script CMakeFiles/cmTC_9b137.dir/link.txt --verbose=1
/usr/bin/cc  -DWITH_WERROR_ADDRESS_FLAG -Werror    -rdynamic CMakeFiles/cmTC_9b137.dir/src.c.o  -o cmTC_9b137 
make[1]: Leaving directory '/home/nr/code/CeeBee/cmocka-build/CMakeFiles/CMakeTmp'


Source file was:
int main(void) { return 0; }
Performing C SOURCE FILE Test WITH_WSTRICT_PROTOTYPES_FLAG succeeded with the following output:
Change Dir: /home/nr/code/CeeBee/cmocka-build/CMakeFiles/CMakeTmp

Run Build Command(s):/usr/bin/make cmTC_cd703/fast && /usr/bin/make -f CMakeFiles/cmTC_cd703.dir/build.make CMakeFiles/cmTC_cd703.dir/build
make[1]: Entering directory '/home/nr/code/CeeBee/cmocka-build/CMakeFiles/CMakeTmp'
Building C object CMakeFiles/cmTC_cd703.dir/src.c.o
/usr/bin/cc   -DWITH_WSTRICT_PROTOTYPES_FLAG -Werror   -Wstrict-prototypes -o CMakeFiles/cmTC_cd703.dir/src.c.o   -c /home/nr/code/CeeBee/cmocka-build/CMakeFiles/CMakeTmp/src.c
Linking C executable cmTC_cd703
/usr/bin/cmake -E cmake_link_script CMakeFiles/cmTC_cd703.dir/link.txt --verbose=1
/usr/bin/cc  -DWITH_WSTRICT_PROTOTYPES_FLAG -Werror    -rdynamic CMakeFiles/cmTC_cd703.dir/src.c.o  -o cmTC_cd703 
make[1]: Leaving directory '/home/nr/code/CeeBee/cmocka-build/CMakeFiles/CMakeTmp'


Source file was:
int main(void) { return 0; }
Performing C SOURCE FILE Test WITH_WERROR_STRICT_PROTOTYPES_FLAG succeeded with the following output:
Change Dir: /home/nr/code/CeeBee/cmocka-build/CMakeFiles/CMakeTmp

Run Build Command(s):/usr/bin/make cmTC_193c7/fast && /usr/bin/make -f CMakeFiles/cmTC_193c7.dir/build.make CMakeFiles/cmTC_193c7.dir/build
make[1]: Entering directory '/home/nr/code/CeeBee/cmocka-build/CMakeFiles/CMakeTmp'
Building C object CMakeFiles/cmTC_193c7.dir/src.c.o
/usr/bin/cc   -DWITH_WERROR_STRICT_PROTOTYPES_FLAG -Werror   -Werror=strict-prototypes -o CMakeFiles/cmTC_193c7.dir/src.c.o   -c /home/nr/code/CeeBee/cmocka-build/CMakeFiles/CMakeTmp/src.c
Linking C executable cmTC_193c7
/usr/bin/cmake -E cmake_link_script CMakeFiles/cmTC_193c7.dir/link.txt --verbose=1
/usr/bin/cc  -DWITH_WERROR_STRICT_PROTOTYPES_FLAG -Werror    -rdynamic CMakeFiles/cmTC_193c7.dir/src.c.o  -o cmTC_193c7 
make[1]: Leaving directory '/home/nr/code/CeeBee/cmocka-build/CMakeFiles/CMakeTmp'


Source file was:
int main(void) { return 0; }
Performing C SOURCE FILE Test WITH_WWRITE_STRINGS_FLAG succeeded with the following output:
Change Dir: /home/nr/code/CeeBee/cmocka-build/CMakeFiles/CMakeTmp

Run Build Command(s):/usr/bin/make cmTC_d99df/fast && /usr/bin/make -f CMakeFiles/cmTC_d99df.dir/build.make CMakeFiles/cmTC_d99df.dir/build
make[1]: Entering directory '/home/nr/code/CeeBee/cmocka-build/CMakeFiles/CMakeTmp'
Building C object CMakeFiles/cmTC_d99df.dir/src.c.o
/usr/bin/cc   -DWITH_WWRITE_STRINGS_FLAG -Werror   -Wwrite-strings -o CMakeFiles/cmTC_d99df.dir/src.c.o   -c /home/nr/code/CeeBee/cmocka-build/CMakeFiles/CMakeTmp/src.c
Linking C executable cmTC_d99df
/usr/bin/cmake -E cmake_link_script CMakeFiles/cmTC_d99df.dir/link.txt --verbose=1
/usr/bin/cc  -DWITH_WWRITE_STRINGS_FLAG -Werror    -rdynamic CMakeFiles/cmTC_d99df.dir/src.c.o  -o cmTC_d99df 
make[1]: Leaving directory '/home/nr/code/CeeBee/cmocka-build/CMakeFiles/CMakeTmp'


Source file was:
int main(void) { return 0; }
Performing C SOURCE FILE Test WITH_WERROR_WRITE_STRINGS_FLAG succeeded with the following output:
Change Dir: /home/nr/code/CeeBee/cmocka-build/CMakeFiles/CMakeTmp

Run Build Command(s):/usr/bin/make cmTC_5d6c3/fast && /usr/bin/make -f CMakeFiles/cmTC_5d6c3.dir/build.make CMakeFiles/cmTC_5d6c3.dir/build
make[1]: Entering directory '/home/nr/code/CeeBee/cmocka-build/CMakeFiles/CMakeTmp'
Building C object CMakeFiles/cmTC_5d6c3.dir/src.c.o
/usr/bin/cc   -DWITH_WERROR_WRITE_STRINGS_FLAG -Werror   -Werror=write-strings -o CMakeFiles/cmTC_5d6c3.dir/src.c.o   -c /home/nr/code/CeeBee/cmocka-build/CMakeFiles/CMakeTmp/src.c
Linking C executable cmTC_5d6c3
/usr/bin/cmake -E cmake_link_script CMakeFiles/cmTC_5d6c3.dir/link.txt --verbose=1
/usr/bin/cc  -DWITH_WERROR_WRITE_STRINGS_FLAG -Werror    -rdynamic CMakeFiles/cmTC_5d6c3.dir/src.c.o  -o cmTC_5d6c3 
make[1]: Leaving directory '/home/nr/code/CeeBee/cmocka-build/CMakeFiles/CMakeTmp'


Source file was:
int main(void) { return 0; }
Performing C SOURCE FILE Test WITH_WERROR_IMPLICIT_FUNCTION_DECLARATION_FLAG succeeded with the following output:
Change Dir: /home/nr/code/CeeBee/cmocka-build/CMakeFiles/CMakeTmp

Run Build Command(s):/usr/bin/make cmTC_da7ac/fast && /usr/bin/make -f CMakeFiles/cmTC_da7ac.dir/build.make CMakeFiles/cmTC_da7ac.dir/build
make[1]: Entering directory '/home/nr/code/CeeBee/cmocka-build/CMakeFiles/CMakeTmp'
Building C object CMakeFiles/cmTC_da7ac.dir/src.c.o
/usr/bin/cc   -DWITH_WERROR_IMPLICIT_FUNCTION_DECLARATION_FLAG -Werror   -Werror-implicit-function-declaration -o CMakeFiles/cmTC_da7ac.dir/src.c.o   -c /home/nr/code/CeeBee/cmocka-build/CMakeFiles/CMakeTmp/src.c
Linking C executable cmTC_da7ac
/usr/bin/cmake -E cmake_link_script CMakeFiles/cmTC_da7ac.dir/link.txt --verbose=1
/usr/bin/cc  -DWITH_WERROR_IMPLICIT_FUNCTION_DECLARATION_FLAG -Werror    -rdynamic CMakeFiles/cmTC_da7ac.dir/src.c.o  -o cmTC_da7ac 
make[1]: Leaving directory '/home/nr/code/CeeBee/cmocka-build/CMakeFiles/CMakeTmp'


Source file was:
int main(void) { return 0; }
Performing C SOURCE FILE Test WITH_WPOINTER_ARITH_FLAG succeeded with the following output:
Change Dir: /home/nr/code/CeeBee/cmocka-build/CMakeFiles/CMakeTmp

Run Build Command(s):/usr/bin/make cmTC_8749a/fast && /usr/bin/make -f CMakeFiles/cmTC_8749a.dir/build.make CMakeFiles/cmTC_8749a.dir/build
make[1]: Entering directory '/home/nr/code/CeeBee/cmocka-build/CMakeFiles/CMakeTmp'
Building C object CMakeFiles/cmTC_8749a.dir/src.c.o
/usr/bin/cc   -DWITH_WPOINTER_ARITH_FLAG -Werror   -Wpointer-arith -o CMakeFiles/cmTC_8749a.dir/src.c.o   -c /home/nr/code/CeeBee/cmocka-build/CMakeFiles/CMakeTmp/src.c
Linking C executable cmTC_8749a
/usr/bin/cmake -E cmake_link_script CMakeFiles/cmTC_8749a.dir/link.txt --verbose=1
/usr/bin/cc  -DWITH_WPOINTER_ARITH_FLAG -Werror    -rdynamic CMakeFiles/cmTC_8749a.dir/src.c.o  -o cmTC_8749a 
make[1]: Leaving directory '/home/nr/code/CeeBee/cmocka-build/CMakeFiles/CMakeTmp'


Source file was:
int main(void) { return 0; }
Performing C SOURCE FILE Test WITH_WERROR_POINTER_ARITH_FLAG succeeded with the following output:
Change Dir: /home/nr/code/CeeBee/cmocka-build/CMakeFiles/CMakeTmp

Run Build Command(s):/usr/bin/make cmTC_9f063/fast && /usr/bin/make -f CMakeFiles/cmTC_9f063.dir/build.make CMakeFiles/cmTC_9f063.dir/build
make[1]: Entering directory '/home/nr/code/CeeBee/cmocka-build/CMakeFiles/CMakeTmp'
Building C object CMakeFiles/cmTC_9f063.dir/src.c.o
/usr/bin/cc   -DWITH_WERROR_POINTER_ARITH_FLAG -Werror   -Werror=pointer-arith -o CMakeFiles/cmTC_9f063.dir/src.c.o   -c /home/nr/code/CeeBee/cmocka-build/CMakeFiles/CMakeTmp/src.c
Linking C executable cmTC_9f063
/usr/bin/cmake -E cmake_link_script CMakeFiles/cmTC_9f063.dir/link.txt --verbose=1
/usr/bin/cc  -DWITH_WERROR_POINTER_ARITH_FLAG -Werror    -rdynamic CMakeFiles/cmTC_9f063.dir/src.c.o  -o cmTC_9f063 
make[1]: Leaving directory '/home/nr/code/CeeBee/cmocka-build/CMakeFiles/CMakeTmp'


Source file was:
int main(void) { return 0; }
Performing C SOURCE FILE Test WITH_WDECLARATION_AFTER_STATEMENT_FLAG succeeded with the following output:
Change Dir: /home/nr/code/CeeBee/cmocka-build/CMakeFiles/CMakeTmp

Run Build Command(s):/usr/bin/make cmTC_d89c0/fast && /usr/bin/make -f CMakeFiles/cmTC_d89c0.dir/build.make CMakeFiles/cmTC_d89c0.dir/build
make[1]: Entering directory '/home/nr/code/CeeBee/cmocka-build/CMakeFiles/CMakeTmp'
Building C object CMakeFiles/cmTC_d89c0.dir/src.c.o
/usr/bin/cc   -DWITH_WDECLARATION_AFTER_STATEMENT_FLAG -Werror   -Wdeclaration-after-statement -o CMakeFiles/cmTC_d89c0.dir/src.c.o   -c /home/nr/code/CeeBee/cmocka-build/CMakeFiles/CMakeTmp/src.c
Linking C executable cmTC_d89c0
/usr/bin/cmake -E cmake_link_script CMakeFiles/cmTC_d89c0.dir/link.txt --verbose=1
/usr/bin/cc  -DWITH_WDECLARATION_AFTER_STATEMENT_FLAG -Werror    -rdynamic CMakeFiles/cmTC_d89c0.dir/src.c.o  -o cmTC_d89c0 
make[1]: Leaving directory '/home/nr/code/CeeBee/cmocka-build/CMakeFiles/CMakeTmp'


Source file was:
int main(void) { return 0; }
Performing C SOURCE FILE Test WITH_WERROR_DECLARATION_AFTER_STATEMENT_FLAG succeeded with the following output:
Change Dir: /home/nr/code/CeeBee/cmocka-build/CMakeFiles/CMakeTmp

Run Build Command(s):/usr/bin/make cmTC_0c5b8/fast && /usr/bin/make -f CMakeFiles/cmTC_0c5b8.dir/build.make CMakeFiles/cmTC_0c5b8.dir/build
make[1]: Entering directory '/home/nr/code/CeeBee/cmocka-build/CMakeFiles/CMakeTmp'
Building C object CMakeFiles/cmTC_0c5b8.dir/src.c.o
/usr/bin/cc   -DWITH_WERROR_DECLARATION_AFTER_STATEMENT_FLAG -Werror   -Werror=declaration-after-statement -o CMakeFiles/cmTC_0c5b8.dir/src.c.o   -c /home/nr/code/CeeBee/cmocka-build/CMakeFiles/CMakeTmp/src.c
Linking C executable cmTC_0c5b8
/usr/bin/cmake -E cmake_link_script CMakeFiles/cmTC_0c5b8.dir/link.txt --verbose=1
/usr/bin/cc  -DWITH_WERROR_DECLARATION_AFTER_STATEMENT_FLAG -Werror    -rdynamic CMakeFiles/cmTC_0c5b8.dir/src.c.o  -o cmTC_0c5b8 
make[1]: Leaving directory '/home/nr/code/CeeBee/cmocka-build/CMakeFiles/CMakeTmp'


Source file was:
int main(void) { return 0; }
Performing C SOURCE FILE Test WITH_WRETURN_TYPE_FLAG succeeded with the following output:
Change Dir: /home/nr/code/CeeBee/cmocka-build/CMakeFiles/CMakeTmp

Run Build Command(s):/usr/bin/make cmTC_cbae4/fast && /usr/bin/make -f CMakeFiles/cmTC_cbae4.dir/build.make CMakeFiles/cmTC_cbae4.dir/build
make[1]: Entering directory '/home/nr/code/CeeBee/cmocka-build/CMakeFiles/CMakeTmp'
Building C object CMakeFiles/cmTC_cbae4.dir/src.c.o
/usr/bin/cc   -DWITH_WRETURN_TYPE_FLAG -Werror   -Wreturn-type -o CMakeFiles/cmTC_cbae4.dir/src.c.o   -c /home/nr/code/CeeBee/cmocka-build/CMakeFiles/CMakeTmp/src.c
Linking C executable cmTC_cbae4
/usr/bin/cmake -E cmake_link_script CMakeFiles/cmTC_cbae4.dir/link.txt --verbose=1
/usr/bin/cc  -DWITH_WRETURN_TYPE_FLAG -Werror    -rdynamic CMakeFiles/cmTC_cbae4.dir/src.c.o  -o cmTC_cbae4 
make[1]: Leaving directory '/home/nr/code/CeeBee/cmocka-build/CMakeFiles/CMakeTmp'


Source file was:
int main(void) { return 0; }
Performing C SOURCE FILE Test WITH_WERROR_RETURN_TYPE_FLAG succeeded with the following output:
Change Dir: /home/nr/code/CeeBee/cmocka-build/CMakeFiles/CMakeTmp

Run Build Command(s):/usr/bin/make cmTC_10781/fast && /usr/bin/make -f CMakeFiles/cmTC_10781.dir/build.make CMakeFiles/cmTC_10781.dir/build
make[1]: Entering directory '/home/nr/code/CeeBee/cmocka-build/CMakeFiles/CMakeTmp'
Building C object CMakeFiles/cmTC_10781.dir/src.c.o
/usr/bin/cc   -DWITH_WERROR_RETURN_TYPE_FLAG -Werror   -Werror=return-type -o CMakeFiles/cmTC_10781.dir/src.c.o   -c /home/nr/code/CeeBee/cmocka-build/CMakeFiles/CMakeTmp/src.c
Linking C executable cmTC_10781
/usr/bin/cmake -E cmake_link_script CMakeFiles/cmTC_10781.dir/link.txt --verbose=1
/usr/bin/cc  -DWITH_WERROR_RETURN_TYPE_FLAG -Werror    -rdynamic CMakeFiles/cmTC_10781.dir/src.c.o  -o cmTC_10781 
make[1]: Leaving directory '/home/nr/code/CeeBee/cmocka-build/CMakeFiles/CMakeTmp'


Source file was:
int main(void) { return 0; }
Performing C SOURCE FILE Test WITH_WUNINITIALIZED_FLAG succeeded with the following output:
Change Dir: /home/nr/code/CeeBee/cmocka-build/CMakeFiles/CMakeTmp

Run Build Command(s):/usr/bin/make cmTC_55ff8/fast && /usr/bin/make -f CMakeFiles/cmTC_55ff8.dir/build.make CMakeFiles/cmTC_55ff8.dir/build
make[1]: Entering directory '/home/nr/code/CeeBee/cmocka-build/CMakeFiles/CMakeTmp'
Building C object CMakeFiles/cmTC_55ff8.dir/src.c.o
/usr/bin/cc   -DWITH_WUNINITIALIZED_FLAG -Werror   -Wuninitialized -o CMakeFiles/cmTC_55ff8.dir/src.c.o   -c /home/nr/code/CeeBee/cmocka-build/CMakeFiles/CMakeTmp/src.c
Linking C executable cmTC_55ff8
/usr/bin/cmake -E cmake_link_script CMakeFiles/cmTC_55ff8.dir/link.txt --verbose=1
/usr/bin/cc  -DWITH_WUNINITIALIZED_FLAG -Werror    -rdynamic CMakeFiles/cmTC_55ff8.dir/src.c.o  -o cmTC_55ff8 
make[1]: Leaving directory '/home/nr/code/CeeBee/cmocka-build/CMakeFiles/CMakeTmp'


Source file was:
int main(void) { return 0; }
Performing C SOURCE FILE Test WITH_WERROR_UNINITIALIZED_FLAG succeeded with the following output:
Change Dir: /home/nr/code/CeeBee/cmocka-build/CMakeFiles/CMakeTmp

Run Build Command(s):/usr/bin/make cmTC_b5039/fast && /usr/bin/make -f CMakeFiles/cmTC_b5039.dir/build.make CMakeFiles/cmTC_b5039.dir/build
make[1]: Entering directory '/home/nr/code/CeeBee/cmocka-build/CMakeFiles/CMakeTmp'
Building C object CMakeFiles/cmTC_b5039.dir/src.c.o
/usr/bin/cc   -DWITH_WERROR_UNINITIALIZED_FLAG -Werror   -Werror=uninitialized -o CMakeFiles/cmTC_b5039.dir/src.c.o   -c /home/nr/code/CeeBee/cmocka-build/CMakeFiles/CMakeTmp/src.c
Linking C executable cmTC_b5039
/usr/bin/cmake -E cmake_link_script CMakeFiles/cmTC_b5039.dir/link.txt --verbose=1
/usr/bin/cc  -DWITH_WERROR_UNINITIALIZED_FLAG -Werror    -rdynamic CMakeFiles/cmTC_b5039.dir/src.c.o  -o cmTC_b5039 
make[1]: Leaving directory '/home/nr/code/CeeBee/cmocka-build/CMakeFiles/CMakeTmp'


Source file was:
int main(void) { return 0; }
Performing C SOURCE FILE Test WITH_WIMPLICIT_FALLTHROUGH_FLAG succeeded with the following output:
Change Dir: /home/nr/code/CeeBee/cmocka-build/CMakeFiles/CMakeTmp

Run Build Command(s):/usr/bin/make cmTC_45947/fast && /usr/bin/make -f CMakeFiles/cmTC_45947.dir/build.make CMakeFiles/cmTC_45947.dir/build
make[1]: Entering directory '/home/nr/code/CeeBee/cmocka-build/CMakeFiles/CMakeTmp'
Building C object CMakeFiles/cmTC_45947.dir/src.c.o
/usr/bin/cc   -DWITH_WIMPLICIT_FALLTHROUGH_FLAG -Werror   -Wimplicit-fallthrough -o CMakeFiles/cmTC_45947.dir/src.c.o   -c /home/nr/code/CeeBee/cmocka-build/CMakeFiles/CMakeTmp/src.c
Linking C executable cmTC_45947
/usr/bin/cmake -E cmake_link_script CMakeFiles/cmTC_45947.dir/link.txt --verbose=1
/usr/bin/cc  -DWITH_WIMPLICIT_FALLTHROUGH_FLAG -Werror    -rdynamic CMakeFiles/cmTC_45947.dir/src.c.o  -o cmTC_45947 
make[1]: Leaving directory '/home/nr/code/CeeBee/cmocka-build/CMakeFiles/CMakeTmp'


Source file was:
int main(void) { return 0; }
Performing C SOURCE FILE Test WITH_WERROR_STRICT_OVERFLOW_FLAG succeeded with the following output:
Change Dir: /home/nr/code/CeeBee/cmocka-build/CMakeFiles/CMakeTmp

Run Build Command(s):/usr/bin/make cmTC_7d61a/fast && /usr/bin/make -f CMakeFiles/cmTC_7d61a.dir/build.make CMakeFiles/cmTC_7d61a.dir/build
make[1]: Entering directory '/home/nr/code/CeeBee/cmocka-build/CMakeFiles/CMakeTmp'
Building C object CMakeFiles/cmTC_7d61a.dir/src.c.o
/usr/bin/cc   -DWITH_WERROR_STRICT_OVERFLOW_FLAG -Werror   -Werror=strict-overflow -o CMakeFiles/cmTC_7d61a.dir/src.c.o   -c /home/nr/code/CeeBee/cmocka-build/CMakeFiles/CMakeTmp/src.c
Linking C executable cmTC_7d61a
/usr/bin/cmake -E cmake_link_script CMakeFiles/cmTC_7d61a.dir/link.txt --verbose=1
/usr/bin/cc  -DWITH_WERROR_STRICT_OVERFLOW_FLAG -Werror    -rdynamic CMakeFiles/cmTC_7d61a.dir/src.c.o  -o cmTC_7d61a 
make[1]: Leaving directory '/home/nr/code/CeeBee/cmocka-build/CMakeFiles/CMakeTmp'


Source file was:
int main(void) { return 0; }
Performing C SOURCE FILE Test WITH_WSTRICT_OVERFLOW_2_FLAG succeeded with the following output:
Change Dir: /home/nr/code/CeeBee/cmocka-build/CMakeFiles/CMakeTmp

Run Build Command(s):/usr/bin/make cmTC_019bd/fast && /usr/bin/make -f CMakeFiles/cmTC_019bd.dir/build.make CMakeFiles/cmTC_019bd.dir/build
make[1]: Entering directory '/home/nr/code/CeeBee/cmocka-build/CMakeFiles/CMakeTmp'
Building C object CMakeFiles/cmTC_019bd.dir/src.c.o
/usr/bin/cc   -DWITH_WSTRICT_OVERFLOW_2_FLAG -Werror   -Wstrict-overflow=2 -o CMakeFiles/cmTC_019bd.dir/src.c.o   -c /home/nr/code/CeeBee/cmocka-build/CMakeFiles/CMakeTmp/src.c
Linking C executable cmTC_019bd
/usr/bin/cmake -E cmake_link_script CMakeFiles/cmTC_019bd.dir/link.txt --verbose=1
/usr/bin/cc  -DWITH_WSTRICT_OVERFLOW_2_FLAG -Werror    -rdynamic CMakeFiles/cmTC_019bd.dir/src.c.o  -o cmTC_019bd 
make[1]: Leaving directory '/home/nr/code/CeeBee/cmocka-build/CMakeFiles/CMakeTmp'


Source file was:
int main(void) { return 0; }
Performing C SOURCE FILE Test WITH_WNO_FORMAT_ZERO_LENGTH_FLAG succeeded with the following output:
Change Dir: /home/nr/code/CeeBee/cmocka-build/CMakeFiles/CMakeTmp

Run Build Command(s):/usr/bin/make cmTC_8f3f5/fast && /usr/bin/make -f CMakeFiles/cmTC_8f3f5.dir/build.make CMakeFiles/cmTC_8f3f5.dir/build
make[1]: Entering directory '/home/nr/code/CeeBee/cmocka-build/CMakeFiles/CMakeTmp'
Building C object CMakeFiles/cmTC_8f3f5.dir/src.c.o
/usr/bin/cc   -DWITH_WNO_FORMAT_ZERO_LENGTH_FLAG -Werror   -Wno-format-zero-length -o CMakeFiles/cmTC_8f3f5.dir/src.c.o   -c /home/nr/code/CeeBee/cmocka-build/CMakeFiles/CMakeTmp/src.c
Linking C executable cmTC_8f3f5
/usr/bin/cmake -E cmake_link_script CMakeFiles/cmTC_8f3f5.dir/link.txt --verbose=1
/usr/bin/cc  -DWITH_WNO_FORMAT_ZERO_LENGTH_FLAG -Werror    -rdynamic CMakeFiles/cmTC_8f3f5.dir/src.c.o  -o cmTC_8f3f5 
make[1]: Leaving directory '/home/nr/code/CeeBee/cmocka-build/CMakeFiles/CMakeTmp'


Source file was:
int main(void) { return 0; }
Performing C SOURCE FILE Test REQUIRED_FLAGS_WFORMAT succeeded with the following output:
Change Dir: /home/nr/code/CeeBee/cmocka-build/CMakeFiles/CMakeTmp

Run Build Command(s):/usr/bin/make cmTC_b423b/fast && /usr/bin/make -f CMakeFiles/cmTC_b423b.dir/build.make CMakeFiles/cmTC_b423b.dir/build
make[1]: Entering directory '/home/nr/code/CeeBee/cmocka-build/CMakeFiles/CMakeTmp'
Building C object CMakeFiles/cmTC_b423b.dir/src.c.o
/usr/bin/cc   -DREQUIRED_FLAGS_WFORMAT -Werror   -Wformat -o CMakeFiles/cmTC_b423b.dir/src.c.o   -c /home/nr/code/CeeBee/cmocka-build/CMakeFiles/CMakeTmp/src.c
Linking C executable cmTC_b423b
/usr/bin/cmake -E cmake_link_script CMakeFiles/cmTC_b423b.dir/link.txt --verbose=1
/usr/bin/cc  -DREQUIRED_FLAGS_WFORMAT -Werror    -rdynamic CMakeFiles/cmTC_b423b.dir/src.c.o  -o cmTC_b423b 
make[1]: Leaving directory '/home/nr/code/CeeBee/cmocka-build/CMakeFiles/CMakeTmp'


Source file was:
int main(void) { return 0; }
Performing C SOURCE FILE Test WITH_WFORMAT_SECURITY_FLAG succeeded with the following output:
Change Dir: /home/nr/code/CeeBee/cmocka-build/CMakeFiles/CMakeTmp

Run Build Command(s):/usr/bin/make cmTC_0f518/fast && /usr/bin/make -f CMakeFiles/cmTC_0f518.dir/build.make CMakeFiles/cmTC_0f518.dir/build
make[1]: Entering directory '/home/nr/code/CeeBee/cmocka-build/CMakeFiles/CMakeTmp'
Building C object CMakeFiles/cmTC_0f518.dir/src.c.o
/usr/bin/cc   -DWITH_WFORMAT_SECURITY_FLAG -Werror -Wformat   -Wformat-security -o CMakeFiles/cmTC_0f518.dir/src.c.o   -c /home/nr/code/CeeBee/cmocka-build/CMakeFiles/CMakeTmp/src.c
Linking C executable cmTC_0f518
/usr/bin/cmake -E cmake_link_script CMakeFiles/cmTC_0f518.dir/link.txt --verbose=1
/usr/bin/cc  -DWITH_WFORMAT_SECURITY_FLAG -Werror -Wformat    -rdynamic CMakeFiles/cmTC_0f518.dir/src.c.o  -o cmTC_0f518 
make[1]: Leaving directory '/home/nr/code/CeeBee/cmocka-build/CMakeFiles/CMakeTmp'


Source file was:
int main(void) { return 0; }
Performing C SOURCE FILE Test WITH_WERROR_FORMAT_SECURITY_FLAG succeeded with the following output:
Change Dir: /home/nr/code/CeeBee/cmocka-build/CMakeFiles/CMakeTmp

Run Build Command(s):/usr/bin/make cmTC_d44c0/fast && /usr/bin/make -f CMakeFiles/cmTC_d44c0.dir/build.make CMakeFiles/cmTC_d44c0.dir/build
make[1]: Entering directory '/home/nr/code/CeeBee/cmocka-build/CMakeFiles/CMakeTmp'
Building C object CMakeFiles/cmTC_d44c0.dir/src.c.o
/usr/bin/cc   -DWITH_WERROR_FORMAT_SECURITY_FLAG -Werror -Wformat   -Werror=format-security -o CMakeFiles/cmTC_d44c0.dir/src.c.o   -c /home/nr/code/CeeBee/cmocka-build/CMakeFiles/CMakeTmp/src.c
Linking C executable cmTC_d44c0
/usr/bin/cmake -E cmake_link_script CMakeFiles/cmTC_d44c0.dir/link.txt --verbose=1
/usr/bin/cc  -DWITH_WERROR_FORMAT_SECURITY_FLAG -Werror -Wformat    -rdynamic CMakeFiles/cmTC_d44c0.dir/src.c.o  -o cmTC_d44c0 
make[1]: Leaving directory '/home/nr/code/CeeBee/cmocka-build/CMakeFiles/CMakeTmp'


Source file was:
int main(void) { return 0; }
Performing C SOURCE FILE Test WITH_WNO_GNU_ZERO_VARIADIC_MACRO_ARGUMENTS_FLAG succeeded with the following output:
Change Dir: /home/nr/code/CeeBee/cmocka-build/CMakeFiles/CMakeTmp

Run Build Command(s):/usr/bin/make cmTC_28243/fast && /usr/bin/make -f CMakeFiles/cmTC_28243.dir/build.make CMakeFiles/cmTC_28243.dir/build
make[1]: Entering directory '/home/nr/code/CeeBee/cmocka-build/CMakeFiles/CMakeTmp'
Building C object CMakeFiles/cmTC_28243.dir/src.c.o
/usr/bin/cc   -DWITH_WNO_GNU_ZERO_VARIADIC_MACRO_ARGUMENTS_FLAG -Werror -Wformat   -Wno-gnu-zero-variadic-macro-arguments -o CMakeFiles/cmTC_28243.dir/src.c.o   -c /home/nr/code/CeeBee/cmocka-build/CMakeFiles/CMakeTmp/src.c
Linking C executable cmTC_28243
/usr/bin/cmake -E cmake_link_script CMakeFiles/cmTC_28243.dir/link.txt --verbose=1
/usr/bin/cc  -DWITH_WNO_GNU_ZERO_VARIADIC_MACRO_ARGUMENTS_FLAG -Werror -Wformat    -rdynamic CMakeFiles/cmTC_28243.dir/src.c.o  -o cmTC_28243 
make[1]: Leaving directory '/home/nr/code/CeeBee/cmocka-build/CMakeFiles/CMakeTmp'


Source file was:
int main(void) { return 0; }
Performing C SOURCE FILE Test WITH_FNO_COMMON_FLAG succeeded with the following output:
Change Dir: /home/nr/code/CeeBee/cmocka-build/CMakeFiles/CMakeTmp

Run Build Command(s):/usr/bin/make cmTC_20850/fast && /usr/bin/make -f CMakeFiles/cmTC_20850.dir/build.make CMakeFiles/cmTC_20850.dir/build
make[1]: Entering directory '/home/nr/code/CeeBee/cmocka-build/CMakeFiles/CMakeTmp'
Building C object CMakeFiles/cmTC_20850.dir/src.c.o
/usr/bin/cc   -DWITH_FNO_COMMON_FLAG -Werror -Wformat   -fno-common -o CMakeFiles/cmTC_20850.dir/src.c.o   -c /home/nr/code/CeeBee/cmocka-build/CMakeFiles/CMakeTmp/src.c
Linking C executable cmTC_20850
/usr/bin/cmake -E cmake_link_script CMakeFiles/cmTC_20850.dir/link.txt --verbose=1
/usr/bin/cc  -DWITH_FNO_COMMON_FLAG -Werror -Wformat    -rdynamic CMakeFiles/cmTC_20850.dir/src.c.o  -o cmTC_20850 
make[1]: Leaving directory '/home/nr/code/CeeBee/cmocka-build/CMakeFiles/CMakeTmp'


Source file was:
int main(void) { return 0; }
Performing C SOURCE FILE Test WITH_STACK_PROTECTOR succeeded with the following output:
Change Dir: /home/nr/code/CeeBee/cmocka-build/CMakeFiles/CMakeTmp

Run Build Command(s):/usr/bin/make cmTC_5f717/fast && /usr/bin/make -f CMakeFiles/cmTC_5f717.dir/build.make CMakeFiles/cmTC_5f717.dir/build
make[1]: Entering directory '/home/nr/code/CeeBee/cmocka-build/CMakeFiles/CMakeTmp'
Building C object CMakeFiles/cmTC_5f717.dir/src.c.o
/usr/bin/cc   -DWITH_STACK_PROTECTOR -Werror -Wformat   -fstack-protector -o CMakeFiles/cmTC_5f717.dir/src.c.o   -c /home/nr/code/CeeBee/cmocka-build/CMakeFiles/CMakeTmp/src.c
Linking C executable cmTC_5f717
/usr/bin/cmake -E cmake_link_script CMakeFiles/cmTC_5f717.dir/link.txt --verbose=1
/usr/bin/cc  -DWITH_STACK_PROTECTOR -Werror -Wformat    -rdynamic CMakeFiles/cmTC_5f717.dir/src.c.o  -o cmTC_5f717 
make[1]: Leaving directory '/home/nr/code/CeeBee/cmocka-build/CMakeFiles/CMakeTmp'


Source file was:
int main(int argc, char **argv) { char buffer[256]; return buffer[argc]=0;}
Performing C SOURCE FILE Test WITH_VISIBILITY_HIDDEN succeeded with the following output:
Change Dir: /home/nr/code/CeeBee/cmocka-build/CMakeFiles/CMakeTmp

Run Build Command(s):/usr/bin/make cmTC_282ec/fast && /usr/bin/make -f CMakeFiles/cmTC_282ec.dir/build.make CMakeFiles/cmTC_282ec.dir/build
make[1]: Entering directory '/home/nr/code/CeeBee/cmocka-build/CMakeFiles/CMakeTmp'
Building C object CMakeFiles/cmTC_282ec.dir/src.c.o
/usr/bin/cc   -DWITH_VISIBILITY_HIDDEN   -fvisibility=hidden -o CMakeFiles/cmTC_282ec.dir/src.c.o   -c /home/nr/code/CeeBee/cmocka-build/CMakeFiles/CMakeTmp/src.c
Linking C executable cmTC_282ec
/usr/bin/cmake -E cmake_link_script CMakeFiles/cmTC_282ec.dir/link.txt --verbose=1
/usr/bin/cc  -DWITH_VISIBILITY_HIDDEN    -rdynamic CMakeFiles/cmTC_282ec.dir/src.c.o  -o cmTC_282ec 
make[1]: Leaving directory '/home/nr/code/CeeBee/cmocka-build/CMakeFiles/CMakeTmp'


Source file was:
int main(void) { return 0; }
Determining if the include file assert.h exists passed with the following output:
Change Dir: /home/nr/code/CeeBee/cmocka-build/CMakeFiles/CMakeTmp

Run Build Command(s):/usr/bin/make cmTC_93c5f/fast && /usr/bin/make -f CMakeFiles/cmTC_93c5f.dir/build.make CMakeFiles/cmTC_93c5f.dir/build
make[1]: Entering directory '/home/nr/code/CeeBee/cmocka-build/CMakeFiles/CMakeTmp'
Building C object CMakeFiles/cmTC_93c5f.dir/CheckIncludeFile.c.o
/usr/bin/cc    -o CMakeFiles/cmTC_93c5f.dir/CheckIncludeFile.c.o   -c /home/nr/code/CeeBee/cmocka-build/CMakeFiles/CMakeTmp/CheckIncludeFile.c
Linking C executable cmTC_93c5f
/usr/bin/cmake -E cmake_link_script CMakeFiles/cmTC_93c5f.dir/link.txt --verbose=1
/usr/bin/cc      -rdynamic CMakeFiles/cmTC_93c5f.dir/CheckIncludeFile.c.o  -o cmTC_93c5f 
make[1]: Leaving directory '/home/nr/code/CeeBee/cmocka-build/CMakeFiles/CMakeTmp'



Determining if the include file inttypes.h exists passed with the following output:
Change Dir: /home/nr/code/CeeBee/cmocka-build/CMakeFiles/CMakeTmp

Run Build Command(s):/usr/bin/make cmTC_50225/fast && /usr/bin/make -f CMakeFiles/cmTC_50225.dir/build.make CMakeFiles/cmTC_50225.dir/build
make[1]: Entering directory '/home/nr/code/CeeBee/cmocka-build/CMakeFiles/CMakeTmp'
Building C object CMakeFiles/cmTC_50225.dir/CheckIncludeFile.c.o
/usr/bin/cc    -o CMakeFiles/cmTC_50225.dir/CheckIncludeFile.c.o   -c /home/nr/code/CeeBee/cmocka-build/CMakeFiles/CMakeTmp/CheckIncludeFile.c
Linking C executable cmTC_50225
/usr/bin/cmake -E cmake_link_script CMakeFiles/cmTC_50225.dir/link.txt --verbose=1
/usr/bin/cc      -rdynamic CMakeFiles/cmTC_50225.dir/CheckIncludeFile.c.o  -o cmTC_50225 
make[1]: Leaving directory '/home/nr/code/CeeBee/cmocka-build/CMakeFiles/CMakeTmp'



Determining if the include file malloc.h exists passed with the following output:
Change Dir: /home/nr/code/CeeBee/cmocka-build/CMakeFiles/CMakeTmp

Run Build Command(s):/usr/bin/make cmTC_5a627/fast && /usr/bin/make -f CMakeFiles/cmTC_5a627.dir/build.make CMakeFiles/cmTC_5a627.dir/build
make[1]: Entering directory '/home/nr/code/CeeBee/cmocka-build/CMakeFiles/CMakeTmp'
Building C object CMakeFiles/cmTC_5a627.dir/CheckIncludeFile.c.o
/usr/bin/cc    -o CMakeFiles/cmTC_5a627.dir/CheckIncludeFile.c.o   -c /home/nr/code/CeeBee/cmocka-build/CMakeFiles/CMakeTmp/CheckIncludeFile.c
Linking C executable cmTC_5a627
/usr/bin/cmake -E cmake_link_script CMakeFiles/cmTC_5a627.dir/link.txt --verbose=1
/usr/bin/cc      -rdynamic CMakeFiles/cmTC_5a627.dir/CheckIncludeFile.c.o  -o cmTC_5a627 
make[1]: Leaving directory '/home/nr/code/CeeBee/cmocka-build/CMakeFiles/CMakeTmp'



Determining if the include file memory.h exists passed with the following output:
Change Dir: /home/nr/code/CeeBee/cmocka-build/CMakeFiles/CMakeTmp

Run Build Command(s):/usr/bin/make cmTC_33f90/fast && /usr/bin/make -f CMakeFiles/cmTC_33f90.dir/build.make CMakeFiles/cmTC_33f90.dir/build
make[1]: Entering directory '/home/nr/code/CeeBee/cmocka-build/CMakeFiles/CMakeTmp'
Building C object CMakeFiles/cmTC_33f90.dir/CheckIncludeFile.c.o
/usr/bin/cc    -o CMakeFiles/cmTC_33f90.dir/CheckIncludeFile.c.o   -c /home/nr/code/CeeBee/cmocka-build/CMakeFiles/CMakeTmp/CheckIncludeFile.c
Linking C executable cmTC_33f90
/usr/bin/cmake -E cmake_link_script CMakeFiles/cmTC_33f90.dir/link.txt --verbose=1
/usr/bin/cc      -rdynamic CMakeFiles/cmTC_33f90.dir/CheckIncludeFile.c.o  -o cmTC_33f90 
make[1]: Leaving directory '/home/nr/code/CeeBee/cmocka-build/CMakeFiles/CMakeTmp'



Determining if the include file setjmp.h exists passed with the following output:
Change Dir: /home/nr/code/CeeBee/cmocka-build/CMakeFiles/CMakeTmp

Run Build Command(s):/usr/bin/make cmTC_0fe98/fast && /usr/bin/make -f CMakeFiles/cmTC_0fe98.dir/build.make CMakeFiles/cmTC_0fe98.dir/build
make[1]: Entering directory '/home/nr/code/CeeBee/cmocka-build/CMakeFiles/CMakeTmp'
Building C object CMakeFiles/cmTC_0fe98.dir/CheckIncludeFile.c.o
/usr/bin/cc    -o CMakeFiles/cmTC_0fe98.dir/CheckIncludeFile.c.o   -c /home/nr/code/CeeBee/cmocka-build/CMakeFiles/CMakeTmp/CheckIncludeFile.c
Linking C executable cmTC_0fe98
/usr/bin/cmake -E cmake_link_script CMakeFiles/cmTC_0fe98.dir/link.txt --verbose=1
/usr/bin/cc      -rdynamic CMakeFiles/cmTC_0fe98.dir/CheckIncludeFile.c.o  -o cmTC_0fe98 
make[1]: Leaving directory '/home/nr/code/CeeBee/cmocka-build/CMakeFiles/CMakeTmp'



Determining if the include file signal.h exists passed with the following output:
Change Dir: /home/nr/code/CeeBee/cmocka-build/CMakeFiles/CMakeTmp

Run Build Command(s):/usr/bin/make cmTC_28f8b/fast && /usr/bin/make -f CMakeFiles/cmTC_28f8b.dir/build.make CMakeFiles/cmTC_28f8b.dir/build
make[1]: Entering directory '/home/nr/code/CeeBee/cmocka-build/CMakeFiles/CMakeTmp'
Building C object CMakeFiles/cmTC_28f8b.dir/CheckIncludeFile.c.o
/usr/bin/cc    -o CMakeFiles/cmTC_28f8b.dir/CheckIncludeFile.c.o   -c /home/nr/code/CeeBee/cmocka-build/CMakeFiles/CMakeTmp/CheckIncludeFile.c
Linking C executable cmTC_28f8b
/usr/bin/cmake -E cmake_link_script CMakeFiles/cmTC_28f8b.dir/link.txt --verbose=1
/usr/bin/cc      -rdynamic CMakeFiles/cmTC_28f8b.dir/CheckIncludeFile.c.o  -o cmTC_28f8b 
make[1]: Leaving directory '/home/nr/code/CeeBee/cmocka-build/CMakeFiles/CMakeTmp'



Determining if the include file stdarg.h exists passed with the following output:
Change Dir: /home/nr/code/CeeBee/cmocka-build/CMakeFiles/CMakeTmp

Run Build Command(s):/usr/bin/make cmTC_74332/fast && /usr/bin/make -f CMakeFiles/cmTC_74332.dir/build.make CMakeFiles/cmTC_74332.dir/build
make[1]: Entering directory '/home/nr/code/CeeBee/cmocka-build/CMakeFiles/CMakeTmp'
Building C object CMakeFiles/cmTC_74332.dir/CheckIncludeFile.c.o
/usr/bin/cc    -o CMakeFiles/cmTC_74332.dir/CheckIncludeFile.c.o   -c /home/nr/code/CeeBee/cmocka-build/CMakeFiles/CMakeTmp/CheckIncludeFile.c
Linking C executable cmTC_74332
/usr/bin/cmake -E cmake_link_script CMakeFiles/cmTC_74332.dir/link.txt --verbose=1
/usr/bin/cc      -rdynamic CMakeFiles/cmTC_74332.dir/CheckIncludeFile.c.o  -o cmTC_74332 
make[1]: Leaving directory '/home/nr/code/CeeBee/cmocka-build/CMakeFiles/CMakeTmp'



Determining if the include file stddef.h exists passed with the following output:
Change Dir: /home/nr/code/CeeBee/cmocka-build/CMakeFiles/CMakeTmp

Run Build Command(s):/usr/bin/make cmTC_56100/fast && /usr/bin/make -f CMakeFiles/cmTC_56100.dir/build.make CMakeFiles/cmTC_56100.dir/build
make[1]: Entering directory '/home/nr/code/CeeBee/cmocka-build/CMakeFiles/CMakeTmp'
Building C object CMakeFiles/cmTC_56100.dir/CheckIncludeFile.c.o
/usr/bin/cc    -o CMakeFiles/cmTC_56100.dir/CheckIncludeFile.c.o   -c /home/nr/code/CeeBee/cmocka-build/CMakeFiles/CMakeTmp/CheckIncludeFile.c
Linking C executable cmTC_56100
/usr/bin/cmake -E cmake_link_script CMakeFiles/cmTC_56100.dir/link.txt --verbose=1
/usr/bin/cc      -rdynamic CMakeFiles/cmTC_56100.dir/CheckIncludeFile.c.o  -o cmTC_56100 
make[1]: Leaving directory '/home/nr/code/CeeBee/cmocka-build/CMakeFiles/CMakeTmp'



Determining if the include file stdint.h exists passed with the following output:
Change Dir: /home/nr/code/CeeBee/cmocka-build/CMakeFiles/CMakeTmp

Run Build Command(s):/usr/bin/make cmTC_30eb6/fast && /usr/bin/make -f CMakeFiles/cmTC_30eb6.dir/build.make CMakeFiles/cmTC_30eb6.dir/build
make[1]: Entering directory '/home/nr/code/CeeBee/cmocka-build/CMakeFiles/CMakeTmp'
Building C object CMakeFiles/cmTC_30eb6.dir/CheckIncludeFile.c.o
/usr/bin/cc    -o CMakeFiles/cmTC_30eb6.dir/CheckIncludeFile.c.o   -c /home/nr/code/CeeBee/cmocka-build/CMakeFiles/CMakeTmp/CheckIncludeFile.c
Linking C executable cmTC_30eb6
/usr/bin/cmake -E cmake_link_script CMakeFiles/cmTC_30eb6.dir/link.txt --verbose=1
/usr/bin/cc      -rdynamic CMakeFiles/cmTC_30eb6.dir/CheckIncludeFile.c.o  -o cmTC_30eb6 
make[1]: Leaving directory '/home/nr/code/CeeBee/cmocka-build/CMakeFiles/CMakeTmp'



Determining if the include file stdio.h exists passed with the following output:
Change Dir: /home/nr/code/CeeBee/cmocka-build/CMakeFiles/CMakeTmp

Run Build Command(s):/usr/bin/make cmTC_e211d/fast && /usr/bin/make -f CMakeFiles/cmTC_e211d.dir/build.make CMakeFiles/cmTC_e211d.dir/build
make[1]: Entering directory '/home/nr/code/CeeBee/cmocka-build/CMakeFiles/CMakeTmp'
Building C object CMakeFiles/cmTC_e211d.dir/CheckIncludeFile.c.o
/usr/bin/cc    -o CMakeFiles/cmTC_e211d.dir/CheckIncludeFile.c.o   -c /home/nr/code/CeeBee/cmocka-build/CMakeFiles/CMakeTmp/CheckIncludeFile.c
Linking C executable cmTC_e211d
/usr/bin/cmake -E cmake_link_script CMakeFiles/cmTC_e211d.dir/link.txt --verbose=1
/usr/bin/cc      -rdynamic CMakeFiles/cmTC_e211d.dir/CheckIncludeFile.c.o  -o cmTC_e211d 
make[1]: Leaving directory '/home/nr/code/CeeBee/cmocka-build/CMakeFiles/CMakeTmp'



Determining if the include file stdlib.h exists passed with the following output:
Change Dir: /home/nr/code/CeeBee/cmocka-build/CMakeFiles/CMakeTmp

Run Build Command(s):/usr/bin/make cmTC_77297/fast && /usr/bin/make -f CMakeFiles/cmTC_77297.dir/build.make CMakeFiles/cmTC_77297.dir/build
make[1]: Entering directory '/home/nr/code/CeeBee/cmocka-build/CMakeFiles/CMakeTmp'
Building C object CMakeFiles/cmTC_77297.dir/CheckIncludeFile.c.o
/usr/bin/cc    -o CMakeFiles/cmTC_77297.dir/CheckIncludeFile.c.o   -c /home/nr/code/CeeBee/cmocka-build/CMakeFiles/CMakeTmp/CheckIncludeFile.c
Linking C executable cmTC_77297
/usr/bin/cmake -E cmake_link_script CMakeFiles/cmTC_77297.dir/link.txt --verbose=1
/usr/bin/cc      -rdynamic CMakeFiles/cmTC_77297.dir/CheckIncludeFile.c.o  -o cmTC_77297 
make[1]: Leaving directory '/home/nr/code/CeeBee/cmocka-build/CMakeFiles/CMakeTmp'



Determining if the include file string.h exists passed with the following output:
Change Dir: /home/nr/code/CeeBee/cmocka-build/CMakeFiles/CMakeTmp

Run Build Command(s):/usr/bin/make cmTC_50a9d/fast && /usr/bin/make -f CMakeFiles/cmTC_50a9d.dir/build.make CMakeFiles/cmTC_50a9d.dir/build
make[1]: Entering directory '/home/nr/code/CeeBee/cmocka-build/CMakeFiles/CMakeTmp'
Building C object CMakeFiles/cmTC_50a9d.dir/CheckIncludeFile.c.o
/usr/bin/cc    -o CMakeFiles/cmTC_50a9d.dir/CheckIncludeFile.c.o   -c /home/nr/code/CeeBee/cmocka-build/CMakeFiles/CMakeTmp/CheckIncludeFile.c
Linking C executable cmTC_50a9d
/usr/bin/cmake -E cmake_link_script CMakeFiles/cmTC_50a9d.dir/link.txt --verbose=1
/usr/bin/cc      -rdynamic CMakeFiles/cmTC_50a9d.dir/CheckIncludeFile.c.o  -o cmTC_50a9d 
make[1]: Leaving directory '/home/nr/code/CeeBee/cmocka-build/CMakeFiles/CMakeTmp'



Determining if the include file strings.h exists passed with the following output:
Change Dir: /home/nr/code/CeeBee/cmocka-build/CMakeFiles/CMakeTmp

Run Build Command(s):/usr/bin/make cmTC_f2e70/fast && /usr/bin/make -f CMakeFiles/cmTC_f2e70.dir/build.make CMakeFiles/cmTC_f2e70.dir/build
make[1]: Entering directory '/home/nr/code/CeeBee/cmocka-build/CMakeFiles/CMakeTmp'
Building C object CMakeFiles/cmTC_f2e70.dir/CheckIncludeFile.c.o
/usr/bin/cc    -o CMakeFiles/cmTC_f2e70.dir/CheckIncludeFile.c.o   -c /home/nr/code/CeeBee/cmocka-build/CMakeFiles/CMakeTmp/CheckIncludeFile.c
Linking C executable cmTC_f2e70
/usr/bin/cmake -E cmake_link_script CMakeFiles/cmTC_f2e70.dir/link.txt --verbose=1
/usr/bin/cc      -rdynamic CMakeFiles/cmTC_f2e70.dir/CheckIncludeFile.c.o  -o cmTC_f2e70 
make[1]: Leaving directory '/home/nr/code/CeeBee/cmocka-build/CMakeFiles/CMakeTmp'



Determining if the include file sys/stat.h exists passed with the following output:
Change Dir: /home/nr/code/CeeBee/cmocka-build/CMakeFiles/CMakeTmp

Run Build Command(s):/usr/bin/make cmTC_cdc76/fast && /usr/bin/make -f CMakeFiles/cmTC_cdc76.dir/build.make CMakeFiles/cmTC_cdc76.dir/build
make[1]: Entering directory '/home/nr/code/CeeBee/cmocka-build/CMakeFiles/CMakeTmp'
Building C object CMakeFiles/cmTC_cdc76.dir/CheckIncludeFile.c.o
/usr/bin/cc    -o CMakeFiles/cmTC_cdc76.dir/CheckIncludeFile.c.o   -c /home/nr/code/CeeBee/cmocka-build/CMakeFiles/CMakeTmp/CheckIncludeFile.c
Linking C executable cmTC_cdc76
/usr/bin/cmake -E cmake_link_script CMakeFiles/cmTC_cdc76.dir/link.txt --verbose=1
/usr/bin/cc      -rdynamic CMakeFiles/cmTC_cdc76.dir/CheckIncludeFile.c.o  -o cmTC_cdc76 
make[1]: Leaving directory '/home/nr/code/CeeBee/cmocka-build/CMakeFiles/CMakeTmp'



Determining if the include file sys/types.h exists passed with the following output:
Change Dir: /home/nr/code/CeeBee/cmocka-build/CMakeFiles/CMakeTmp

Run Build Command(s):/usr/bin/make cmTC_93b28/fast && /usr/bin/make -f CMakeFiles/cmTC_93b28.dir/build.make CMakeFiles/cmTC_93b28.dir/build
make[1]: Entering directory '/home/nr/code/CeeBee/cmocka-build/CMakeFiles/CMakeTmp'
Building C object CMakeFiles/cmTC_93b28.dir/CheckIncludeFile.c.o
/usr/bin/cc    -o CMakeFiles/cmTC_93b28.dir/CheckIncludeFile.c.o   -c /home/nr/code/CeeBee/cmocka-build/CMakeFiles/CMakeTmp/CheckIncludeFile.c
Linking C executable cmTC_93b28
/usr/bin/cmake -E cmake_link_script CMakeFiles/cmTC_93b28.dir/link.txt --verbose=1
/usr/bin/cc      -rdynamic CMakeFiles/cmTC_93b28.dir/CheckIncludeFile.c.o  -o cmTC_93b28 
make[1]: Leaving directory '/home/nr/code/CeeBee/cmocka-build/CMakeFiles/CMakeTmp'



Determining if the include file time.h exists passed with the following output:
Change Dir: /home/nr/code/CeeBee/cmocka-build/CMakeFiles/CMakeTmp

Run Build Command(s):/usr/bin/make cmTC_7c413/fast && /usr/bin/make -f CMakeFiles/cmTC_7c413.dir/build.make CMakeFiles/cmTC_7c413.dir/build
make[1]: Entering directory '/home/nr/code/CeeBee/cmocka-build/CMakeFiles/CMakeTmp'
Building C object CMakeFiles/cmTC_7c413.dir/CheckIncludeFile.c.o
/usr/bin/cc    -o CMakeFiles/cmTC_7c413.dir/CheckIncludeFile.c.o   -c /home/nr/code/CeeBee/cmocka-build/CMakeFiles/CMakeTmp/CheckIncludeFile.c
Linking C executable cmTC_7c413
/usr/bin/cmake -E cmake_link_script CMakeFiles/cmTC_7c413.dir/link.txt --verbose=1
/usr/bin/cc      -rdynamic CMakeFiles/cmTC_7c413.dir/CheckIncludeFile.c.o  -o cmTC_7c413 
make[1]: Leaving directory '/home/nr/code/CeeBee/cmocka-build/CMakeFiles/CMakeTmp'



Determining if the include file unistd.h exists passed with the following output:
Change Dir: /home/nr/code/CeeBee/cmocka-build/CMakeFiles/CMakeTmp

Run Build Command(s):/usr/bin/make cmTC_97443/fast && /usr/bin/make -f CMakeFiles/cmTC_97443.dir/build.make CMakeFiles/cmTC_97443.dir/build
make[1]: Entering directory '/home/nr/code/CeeBee/cmocka-build/CMakeFiles/CMakeTmp'
Building C object CMakeFiles/cmTC_97443.dir/CheckIncludeFile.c.o
/usr/bin/cc    -o CMakeFiles/cmTC_97443.dir/CheckIncludeFile.c.o   -c /home/nr/code/CeeBee/cmocka-build/CMakeFiles/CMakeTmp/CheckIncludeFile.c
Linking C executable cmTC_97443
/usr/bin/cmake -E cmake_link_script CMakeFiles/cmTC_97443.dir/link.txt --verbose=1
/usr/bin/cc      -rdynamic CMakeFiles/cmTC_97443.dir/CheckIncludeFile.c.o  -o cmTC_97443 
make[1]: Leaving directory '/home/nr/code/CeeBee/cmocka-build/CMakeFiles/CMakeTmp'



Performing C SOURCE FILE Test HAVE_STRUCT_TIMESPEC succeeded with the following output:
Change Dir: /home/nr/code/CeeBee/cmocka-build/CMakeFiles/CMakeTmp

Run Build Command(s):/usr/bin/make cmTC_7eb70/fast && /usr/bin/make -f CMakeFiles/cmTC_7eb70.dir/build.make CMakeFiles/cmTC_7eb70.dir/build
make[1]: Entering directory '/home/nr/code/CeeBee/cmocka-build/CMakeFiles/CMakeTmp'
Building C object CMakeFiles/cmTC_7eb70.dir/src.c.o
/usr/bin/cc   -DHAVE_STRUCT_TIMESPEC   -o CMakeFiles/cmTC_7eb70.dir/src.c.o   -c /home/nr/code/CeeBee/cmocka-build/CMakeFiles/CMakeTmp/src.c
Linking C executable cmTC_7eb70
/usr/bin/cmake -E cmake_link_script CMakeFiles/cmTC_7eb70.dir/link.txt --verbose=1
/usr/bin/cc  -DHAVE_STRUCT_TIMESPEC    -rdynamic CMakeFiles/cmTC_7eb70.dir/src.c.o  -o cmTC_7eb70 
make[1]: Leaving directory '/home/nr/code/CeeBee/cmocka-build/CMakeFiles/CMakeTmp'


Source file was:

#include <time.h>

int main()
{
  (void)sizeof(((struct timespec *)0)->tv_sec);
  return 0;
}

Determining if the function calloc exists passed with the following output:
Change Dir: /home/nr/code/CeeBee/cmocka-build/CMakeFiles/CMakeTmp

Run Build Command(s):/usr/bin/make cmTC_8876b/fast && /usr/bin/make -f CMakeFiles/cmTC_8876b.dir/build.make CMakeFiles/cmTC_8876b.dir/build
make[1]: Entering directory '/home/nr/code/CeeBee/cmocka-build/CMakeFiles/CMakeTmp'
Building C object CMakeFiles/cmTC_8876b.dir/CheckFunctionExists.c.o
/usr/bin/cc   -DCHECK_FUNCTION_EXISTS=calloc   -o CMakeFiles/cmTC_8876b.dir/CheckFunctionExists.c.o   -c /usr/share/cmake-3.16/Modules/CheckFunctionExists.c
<command-line>: warning: conflicting types for built-in function 'calloc'; expected 'void *(long unsigned int,  long unsigned int)' [-Wbuiltin-declaration-mismatch]
/usr/share/cmake-3.16/Modules/CheckFunctionExists.c:7:3: note: in expansion of macro 'CHECK_FUNCTION_EXISTS'
    7 |   CHECK_FUNCTION_EXISTS(void);
      |   ^~~~~~~~~~~~~~~~~~~~~
/usr/share/cmake-3.16/Modules/CheckFunctionExists.c:1:1: note: 'calloc' is declared in header '<stdlib.h>'
  +++ |+#include <stdlib.h>
    1 | #ifdef CHECK_FUNCTION_EXISTS
Linking C executable cmTC_8876b
/usr/bin/cmake -E cmake_link_script CMakeFiles/cmTC_8876b.dir/link.txt --verbose=1
/usr/bin/cc  -DCHECK_FUNCTION_EXISTS=calloc    -rdynamic CMakeFiles/cmTC_8876b.dir/CheckFunctionExists.c.o  -o cmTC_8876b 
make[1]: Leaving directory '/home/nr/code/CeeBee/cmocka-build/CMakeFiles/CMakeTmp'



Determining if the function exit exists passed with the following output:
Change Dir: /home/nr/code/CeeBee/cmocka-build/CMakeFiles/CMakeTmp

Run Build Command(s):/usr/bin/make cmTC_116f9/fast && /usr/bin/make -f CMakeFiles/cmTC_116f9.dir/build.make CMakeFiles/cmTC_116f9.dir/build
make[1]: Entering directory '/home/nr/code/CeeBee/cmocka-build/CMakeFiles/CMakeTmp'
Building C object CMakeFiles/cmTC_116f9.dir/CheckFunctionExists.c.o
/usr/bin/cc   -DCHECK_FUNCTION_EXISTS=exit   -o CMakeFiles/cmTC_116f9.dir/CheckFunctionExists.c.o   -c /usr/share/cmake-3.16/Modules/CheckFunctionExists.c
<command-line>: warning: conflicting types for built-in function 'exit'; expected 'void(int)' [-Wbuiltin-declaration-mismatch]
/usr/share/cmake-3.16/Modules/CheckFunctionExists.c:7:3: note: in expansion of macro 'CHECK_FUNCTION_EXISTS'
    7 |   CHECK_FUNCTION_EXISTS(void);
      |   ^~~~~~~~~~~~~~~~~~~~~
/usr/share/cmake-3.16/Modules/CheckFunctionExists.c:1:1: note: 'exit' is declared in header '<stdlib.h>'
  +++ |+#include <stdlib.h>
    1 | #ifdef CHECK_FUNCTION_EXISTS
Linking C executable cmTC_116f9
/usr/bin/cmake -E cmake_link_script CMakeFiles/cmTC_116f9.dir/link.txt --verbose=1
/usr/bin/cc  -DCHECK_FUNCTION_EXISTS=exit    -rdynamic CMakeFiles/cmTC_116f9.dir/CheckFunctionExists.c.o  -o cmTC_116f9 
make[1]: Leaving directory '/home/nr/code/CeeBee/cmocka-build/CMakeFiles/CMakeTmp'



Determining if the function fprintf exists passed with the following output:
Change Dir: /home/nr/code/CeeBee/cmocka-build/CMakeFiles/CMakeTmp

Run Build Command(s):/usr/bin/make cmTC_545d6/fast && /usr/bin/make -f CMakeFiles/cmTC_545d6.dir/build.make CMakeFiles/cmTC_545d6.dir/build
make[1]: Entering directory '/home/nr/code/CeeBee/cmocka-build/CMakeFiles/CMakeTmp'
Building C object CMakeFiles/cmTC_545d6.dir/CheckFunctionExists.c.o
/usr/bin/cc   -DCHECK_FUNCTION_EXISTS=fprintf   -o CMakeFiles/cmTC_545d6.dir/CheckFunctionExists.c.o   -c /usr/share/cmake-3.16/Modules/CheckFunctionExists.c
<command-line>: warning: conflicting types for built-in function 'fprintf'; expected 'int(void *, const char *, ...)' [-Wbuiltin-declaration-mismatch]
/usr/share/cmake-3.16/Modules/CheckFunctionExists.c:7:3: note: in expansion of macro 'CHECK_FUNCTION_EXISTS'
    7 |   CHECK_FUNCTION_EXISTS(void);
      |   ^~~~~~~~~~~~~~~~~~~~~
/usr/share/cmake-3.16/Modules/CheckFunctionExists.c:1:1: note: 'fprintf' is declared in header '<stdio.h>'
  +++ |+#include <stdio.h>
    1 | #ifdef CHECK_FUNCTION_EXISTS
Linking C executable cmTC_545d6
/usr/bin/cmake -E cmake_link_script CMakeFiles/cmTC_545d6.dir/link.txt --verbose=1
/usr/bin/cc  -DCHECK_FUNCTION_EXISTS=fprintf    -rdynamic CMakeFiles/cmTC_545d6.dir/CheckFunctionExists.c.o  -o cmTC_545d6 
make[1]: Leaving directory '/home/nr/code/CeeBee/cmocka-build/CMakeFiles/CMakeTmp'



Determining if the function free exists passed with the following output:
Change Dir: /home/nr/code/CeeBee/cmocka-build/CMakeFiles/CMakeTmp

Run Build Command(s):/usr/bin/make cmTC_90026/fast && /usr/bin/make -f CMakeFiles/cmTC_90026.dir/build.make CMakeFiles/cmTC_90026.dir/build
make[1]: Entering directory '/home/nr/code/CeeBee/cmocka-build/CMakeFiles/CMakeTmp'
Building C object CMakeFiles/cmTC_90026.dir/CheckFunctionExists.c.o
/usr/bin/cc   -DCHECK_FUNCTION_EXISTS=free   -o CMakeFiles/cmTC_90026.dir/CheckFunctionExists.c.o   -c /usr/share/cmake-3.16/Modules/CheckFunctionExists.c
<command-line>: warning: conflicting types for built-in function 'free'; expected 'void(void *)' [-Wbuiltin-declaration-mismatch]
/usr/share/cmake-3.16/Modules/CheckFunctionExists.c:7:3: note: in expansion of macro 'CHECK_FUNCTION_EXISTS'
    7 |   CHECK_FUNCTION_EXISTS(void);
      |   ^~~~~~~~~~~~~~~~~~~~~
/usr/share/cmake-3.16/Modules/CheckFunctionExists.c:1:1: note: 'free' is declared in header '<stdlib.h>'
  +++ |+#include <stdlib.h>
    1 | #ifdef CHECK_FUNCTION_EXISTS
Linking C executable cmTC_90026
/usr/bin/cmake -E cmake_link_script CMakeFiles/cmTC_90026.dir/link.txt --verbose=1
/usr/bin/cc  -DCHECK_FUNCTION_EXISTS=free    -rdynamic CMakeFiles/cmTC_90026.dir/CheckFunctionExists.c.o  -o cmTC_90026 
make[1]: Leaving directory '/home/nr/code/CeeBee/cmocka-build/CMakeFiles/CMakeTmp'



Determining if the function longjmp exists passed with the following output:
Change Dir: /home/nr/code/CeeBee/cmocka-build/CMakeFiles/CMakeTmp

Run Build Command(s):/usr/bin/make cmTC_9e648/fast && /usr/bin/make -f CMakeFiles/cmTC_9e648.dir/build.make CMakeFiles/cmTC_9e648.dir/build
make[1]: Entering directory '/home/nr/code/CeeBee/cmocka-build/CMakeFiles/CMakeTmp'
Building C object CMakeFiles/cmTC_9e648.dir/CheckFunctionExists.c.o
/usr/bin/cc   -DCHECK_FUNCTION_EXISTS=longjmp   -o CMakeFiles/cmTC_9e648.dir/CheckFunctionExists.c.o   -c /usr/share/cmake-3.16/Modules/CheckFunctionExists.c
Linking C executable cmTC_9e648
/usr/bin/cmake -E cmake_link_script CMakeFiles/cmTC_9e648.dir/link.txt --verbose=1
/usr/bin/cc  -DCHECK_FUNCTION_EXISTS=longjmp    -rdynamic CMakeFiles/cmTC_9e648.dir/CheckFunctionExists.c.o  -o cmTC_9e648 
make[1]: Leaving directory '/home/nr/code/CeeBee/cmocka-build/CMakeFiles/CMakeTmp'



Determining if the function siglongjmp exists passed with the following output:
Change Dir: /home/nr/code/CeeBee/cmocka-build/CMakeFiles/CMakeTmp

Run Build Command(s):/usr/bin/make cmTC_5a6cb/fast && /usr/bin/make -f CMakeFiles/cmTC_5a6cb.dir/build.make CMakeFiles/cmTC_5a6cb.dir/build
make[1]: Entering directory '/home/nr/code/CeeBee/cmocka-build/CMakeFiles/CMakeTmp'
Building C object CMakeFiles/cmTC_5a6cb.dir/CheckFunctionExists.c.o
/usr/bin/cc   -DCHECK_FUNCTION_EXISTS=siglongjmp   -o CMakeFiles/cmTC_5a6cb.dir/CheckFunctionExists.c.o   -c /usr/share/cmake-3.16/Modules/CheckFunctionExists.c
Linking C executable cmTC_5a6cb
/usr/bin/cmake -E cmake_link_script CMakeFiles/cmTC_5a6cb.dir/link.txt --verbose=1
/usr/bin/cc  -DCHECK_FUNCTION_EXISTS=siglongjmp    -rdynamic CMakeFiles/cmTC_5a6cb.dir/CheckFunctionExists.c.o  -o cmTC_5a6cb 
make[1]: Leaving directory '/home/nr/code/CeeBee/cmocka-build/CMakeFiles/CMakeTmp'



Determining if the function malloc exists passed with the following output:
Change Dir: /home/nr/code/CeeBee/cmocka-build/CMakeFiles/CMakeTmp

Run Build Command(s):/usr/bin/make cmTC_95711/fast && /usr/bin/make -f CMakeFiles/cmTC_95711.dir/build.make CMakeFiles/cmTC_95711.dir/build
make[1]: Entering directory '/home/nr/code/CeeBee/cmocka-build/CMakeFiles/CMakeTmp'
Building C object CMakeFiles/cmTC_95711.dir/CheckFunctionExists.c.o
/usr/bin/cc   -DCHECK_FUNCTION_EXISTS=malloc   -o CMakeFiles/cmTC_95711.dir/CheckFunctionExists.c.o   -c /usr/share/cmake-3.16/Modules/CheckFunctionExists.c
<command-line>: warning: conflicting types for built-in function 'malloc'; expected 'void *(long unsigned int)' [-Wbuiltin-declaration-mismatch]
/usr/share/cmake-3.16/Modules/CheckFunctionExists.c:7:3: note: in expansion of macro 'CHECK_FUNCTION_EXISTS'
    7 |   CHECK_FUNCTION_EXISTS(void);
      |   ^~~~~~~~~~~~~~~~~~~~~
/usr/share/cmake-3.16/Modules/CheckFunctionExists.c:1:1: note: 'malloc' is declared in header '<stdlib.h>'
  +++ |+#include <stdlib.h>
    1 | #ifdef CHECK_FUNCTION_EXISTS
Linking C executable cmTC_95711
/usr/bin/cmake -E cmake_link_script CMakeFiles/cmTC_95711.dir/link.txt --verbose=1
/usr/bin/cc  -DCHECK_FUNCTION_EXISTS=malloc    -rdynamic CMakeFiles/cmTC_95711.dir/CheckFunctionExists.c.o  -o cmTC_95711 
make[1]: Leaving directory '/home/nr/code/CeeBee/cmocka-build/CMakeFiles/CMakeTmp'



Determining if the function memcpy exists passed with the following output:
Change Dir: /home/nr/code/CeeBee/cmocka-build/CMakeFiles/CMakeTmp

Run Build Command(s):/usr/bin/make cmTC_11789/fast && /usr/bin/make -f CMakeFiles/cmTC_11789.dir/build.make CMakeFiles/cmTC_11789.dir/build
make[1]: Entering directory '/home/nr/code/CeeBee/cmocka-build/CMakeFiles/CMakeTmp'
Building C object CMakeFiles/cmTC_11789.dir/CheckFunctionExists.c.o
/usr/bin/cc   -DCHECK_FUNCTION_EXISTS=memcpy   -o CMakeFiles/cmTC_11789.dir/CheckFunctionExists.c.o   -c /usr/share/cmake-3.16/Modules/CheckFunctionExists.c
<command-line>: warning: conflicting types for built-in function 'memcpy'; expected 'void *(void *, const void *, long unsigned int)' [-Wbuiltin-declaration-mismatch]
/usr/share/cmake-3.16/Modules/CheckFunctionExists.c:7:3: note: in expansion of macro 'CHECK_FUNCTION_EXISTS'
    7 |   CHECK_FUNCTION_EXISTS(void);
      |   ^~~~~~~~~~~~~~~~~~~~~
/usr/share/cmake-3.16/Modules/CheckFunctionExists.c:1:1: note: 'memcpy' is declared in header '<string.h>'
  +++ |+#include <string.h>
    1 | #ifdef CHECK_FUNCTION_EXISTS
Linking C executable cmTC_11789
/usr/bin/cmake -E cmake_link_script CMakeFiles/cmTC_11789.dir/link.txt --verbose=1
/usr/bin/cc  -DCHECK_FUNCTION_EXISTS=memcpy    -rdynamic CMakeFiles/cmTC_11789.dir/CheckFunctionExists.c.o  -o cmTC_11789 
make[1]: Leaving directory '/home/nr/code/CeeBee/cmocka-build/CMakeFiles/CMakeTmp'



Determining if the function memset exists passed with the following output:
Change Dir: /home/nr/code/CeeBee/cmocka-build/CMakeFiles/CMakeTmp

Run Build Command(s):/usr/bin/make cmTC_9121e/fast && /usr/bin/make -f CMakeFiles/cmTC_9121e.dir/build.make CMakeFiles/cmTC_9121e.dir/build
make[1]: Entering directory '/home/nr/code/CeeBee/cmocka-build/CMakeFiles/CMakeTmp'
Building C object CMakeFiles/cmTC_9121e.dir/CheckFunctionExists.c.o
/usr/bin/cc   -DCHECK_FUNCTION_EXISTS=memset   -o CMakeFiles/cmTC_9121e.dir/CheckFunctionExists.c.o   -c /usr/share/cmake-3.16/Modules/CheckFunctionExists.c
<command-line>: warning: conflicting types for built-in function 'memset'; expected 'void *(void *, int,  long unsigned int)' [-Wbuiltin-declaration-mismatch]
/usr/share/cmake-3.16/Modules/CheckFunctionExists.c:7:3: note: in expansion of macro 'CHECK_FUNCTION_EXISTS'
    7 |   CHECK_FUNCTION_EXISTS(void);
      |   ^~~~~~~~~~~~~~~~~~~~~
/usr/share/cmake-3.16/Modules/CheckFunctionExists.c:1:1: note: 'memset' is declared in header '<string.h>'
  +++ |+#include <string.h>
    1 | #ifdef CHECK_FUNCTION_EXISTS
Linking C executable cmTC_9121e
/usr/bin/cmake -E cmake_link_script CMakeFiles/cmTC_9121e.dir/link.txt --verbose=1
/usr/bin/cc  -DCHECK_FUNCTION_EXISTS=memset    -rdynamic CMakeFiles/cmTC_9121e.dir/CheckFunctionExists.c.o  -o cmTC_9121e 
make[1]: Leaving directory '/home/nr/code/CeeBee/cmocka-build/CMakeFiles/CMakeTmp'



Determining if the function printf exists passed with the following output:
Change Dir: /home/nr/code/CeeBee/cmocka-build/CMakeFiles/CMakeTmp

Run Build Command(s):/usr/bin/make cmTC_cfb37/fast && /usr/bin/make -f CMakeFiles/cmTC_cfb37.dir/build.make CMakeFiles/cmTC_cfb37.dir/build
make[1]: Entering directory '/home/nr/code/CeeBee/cmocka-build/CMakeFiles/CMakeTmp'
Building C object CMakeFiles/cmTC_cfb37.dir/CheckFunctionExists.c.o
/usr/bin/cc   -DCHECK_FUNCTION_EXISTS=printf   -o CMakeFiles/cmTC_cfb37.dir/CheckFunctionExists.c.o   -c /usr/share/cmake-3.16/Modules/CheckFunctionExists.c
<command-line>: warning: conflicting types for built-in function 'printf'; expected 'int(const char *, ...)' [-Wbuiltin-declaration-mismatch]
/usr/share/cmake-3.16/Modules/CheckFunctionExists.c:7:3: note: in expansion of macro 'CHECK_FUNCTION_EXISTS'
    7 |   CHECK_FUNCTION_EXISTS(void);
      |   ^~~~~~~~~~~~~~~~~~~~~
/usr/share/cmake-3.16/Modules/CheckFunctionExists.c:1:1: note: 'printf' is declared in header '<stdio.h>'
  +++ |+#include <stdio.h>
    1 | #ifdef CHECK_FUNCTION_EXISTS
Linking C executable cmTC_cfb37
/usr/bin/cmake -E cmake_link_script CMakeFiles/cmTC_cfb37.dir/link.txt --verbose=1
/usr/bin/cc  -DCHECK_FUNCTION_EXISTS=printf    -rdynamic CMakeFiles/cmTC_cfb37.dir/CheckFunctionExists.c.o  -o cmTC_cfb37 
make[1]: Leaving directory '/home/nr/code/CeeBee/cmocka-build/CMakeFiles/CMakeTmp'



Determining if the function setjmp exists passed with the following output:
Change Dir: /home/nr/code/CeeBee/cmocka-build/CMakeFiles/CMakeTmp

Run Build Command(s):/usr/bin/make cmTC_bc653/fast && /usr/bin/make -f CMakeFiles/cmTC_bc653.dir/build.make CMakeFiles/cmTC_bc653.dir/build
make[1]: Entering directory '/home/nr/code/CeeBee/cmocka-build/CMakeFiles/CMakeTmp'
Building C object CMakeFiles/cmTC_bc653.dir/CheckFunctionExists.c.o
/usr/bin/cc   -DCHECK_FUNCTION_EXISTS=setjmp   -o CMakeFiles/cmTC_bc653.dir/CheckFunctionExists.c.o   -c /usr/share/cmake-3.16/Modules/CheckFunctionExists.c
Linking C executable cmTC_bc653
/usr/bin/cmake -E cmake_link_script CMakeFiles/cmTC_bc653.dir/link.txt --verbose=1
/usr/bin/cc  -DCHECK_FUNCTION_EXISTS=setjmp    -rdynamic CMakeFiles/cmTC_bc653.dir/CheckFunctionExists.c.o  -o cmTC_bc653 
make[1]: Leaving directory '/home/nr/code/CeeBee/cmocka-build/CMakeFiles/CMakeTmp'



Determining if the function signal exists passed with the following output:
Change Dir: /home/nr/code/CeeBee/cmocka-build/CMakeFiles/CMakeTmp

Run Build Command(s):/usr/bin/make cmTC_f08be/fast && /usr/bin/make -f CMakeFiles/cmTC_f08be.dir/build.make CMakeFiles/cmTC_f08be.dir/build
make[1]: Entering directory '/home/nr/code/CeeBee/cmocka-build/CMakeFiles/CMakeTmp'
Building C object CMakeFiles/cmTC_f08be.dir/CheckFunctionExists.c.o
/usr/bin/cc   -DCHECK_FUNCTION_EXISTS=signal   -o CMakeFiles/cmTC_f08be.dir/CheckFunctionExists.c.o   -c /usr/share/cmake-3.16/Modules/CheckFunctionExists.c
Linking C executable cmTC_f08be
/usr/bin/cmake -E cmake_link_script CMakeFiles/cmTC_f08be.dir/link.txt --verbose=1
/usr/bin/cc  -DCHECK_FUNCTION_EXISTS=signal    -rdynamic CMakeFiles/cmTC_f08be.dir/CheckFunctionExists.c.o  -o cmTC_f08be 
make[1]: Leaving directory '/home/nr/code/CeeBee/cmocka-build/CMakeFiles/CMakeTmp'



Determining if the function strsignal exists passed with the following output:
Change Dir: /home/nr/code/CeeBee/cmocka-build/CMakeFiles/CMakeTmp

Run Build Command(s):/usr/bin/make cmTC_d3597/fast && /usr/bin/make -f CMakeFiles/cmTC_d3597.dir/build.make CMakeFiles/cmTC_d3597.dir/build
make[1]: Entering directory '/home/nr/code/CeeBee/cmocka-build/CMakeFiles/CMakeTmp'
Building C object CMakeFiles/cmTC_d3597.dir/CheckFunctionExists.c.o
/usr/bin/cc   -DCHECK_FUNCTION_EXISTS=strsignal   -o CMakeFiles/cmTC_d3597.dir/CheckFunctionExists.c.o   -c /usr/share/cmake-3.16/Modules/CheckFunctionExists.c
Linking C executable cmTC_d3597
/usr/bin/cmake -E cmake_link_script CMakeFiles/cmTC_d3597.dir/link.txt --verbose=1
/usr/bin/cc  -DCHECK_FUNCTION_EXISTS=strsignal    -rdynamic CMakeFiles/cmTC_d3597.dir/CheckFunctionExists.c.o  -o cmTC_d3597 
make[1]: Leaving directory '/home/nr/code/CeeBee/cmocka-build/CMakeFiles/CMakeTmp'



Determining if the function strcmp exists passed with the following output:
Change Dir: /home/nr/code/CeeBee/cmocka-build/CMakeFiles/CMakeTmp

Run Build Command(s):/usr/bin/make cmTC_04d1f/fast && /usr/bin/make -f CMakeFiles/cmTC_04d1f.dir/build.make CMakeFiles/cmTC_04d1f.dir/build
make[1]: Entering directory '/home/nr/code/CeeBee/cmocka-build/CMakeFiles/CMakeTmp'
Building C object CMakeFiles/cmTC_04d1f.dir/CheckFunctionExists.c.o
/usr/bin/cc   -DCHECK_FUNCTION_EXISTS=strcmp   -o CMakeFiles/cmTC_04d1f.dir/CheckFunctionExists.c.o   -c /usr/share/cmake-3.16/Modules/CheckFunctionExists.c
<command-line>: warning: conflicting types for built-in function 'strcmp'; expected 'int(const char *, const char *)' [-Wbuiltin-declaration-mismatch]
/usr/share/cmake-3.16/Modules/CheckFunctionExists.c:7:3: note: in expansion of macro 'CHECK_FUNCTION_EXISTS'
    7 |   CHECK_FUNCTION_EXISTS(void);
      |   ^~~~~~~~~~~~~~~~~~~~~
/usr/share/cmake-3.16/Modules/CheckFunctionExists.c:1:1: note: 'strcmp' is declared in header '<string.h>'
  +++ |+#include <string.h>
    1 | #ifdef CHECK_FUNCTION_EXISTS
Linking C executable cmTC_04d1f
/usr/bin/cmake -E cmake_link_script CMakeFiles/cmTC_04d1f.dir/link.txt --verbose=1
/usr/bin/cc  -DCHECK_FUNCTION_EXISTS=strcmp    -rdynamic CMakeFiles/cmTC_04d1f.dir/CheckFunctionExists.c.o  -o cmTC_04d1f 
make[1]: Leaving directory '/home/nr/code/CeeBee/cmocka-build/CMakeFiles/CMakeTmp'



Determining if the function clock_gettime exists passed with the following output:
Change Dir: /home/nr/code/CeeBee/cmocka-build/CMakeFiles/CMakeTmp

Run Build Command(s):/usr/bin/make cmTC_33e9e/fast && /usr/bin/make -f CMakeFiles/cmTC_33e9e.dir/build.make CMakeFiles/cmTC_33e9e.dir/build
make[1]: Entering directory '/home/nr/code/CeeBee/cmocka-build/CMakeFiles/CMakeTmp'
Building C object CMakeFiles/cmTC_33e9e.dir/CheckFunctionExists.c.o
/usr/bin/cc   -DCHECK_FUNCTION_EXISTS=clock_gettime   -o CMakeFiles/cmTC_33e9e.dir/CheckFunctionExists.c.o   -c /usr/share/cmake-3.16/Modules/CheckFunctionExists.c
Linking C executable cmTC_33e9e
/usr/bin/cmake -E cmake_link_script CMakeFiles/cmTC_33e9e.dir/link.txt --verbose=1
/usr/bin/cc  -DCHECK_FUNCTION_EXISTS=clock_gettime    -rdynamic CMakeFiles/cmTC_33e9e.dir/CheckFunctionExists.c.o  -o cmTC_33e9e 
make[1]: Leaving directory '/home/nr/code/CeeBee/cmocka-build/CMakeFiles/CMakeTmp'



Determining if the function sprintf exists passed with the following output:
Change Dir: /home/nr/code/CeeBee/cmocka-build/CMakeFiles/CMakeTmp

Run Build Command(s):/usr/bin/make cmTC_2f6cf/fast && /usr/bin/make -f CMakeFiles/cmTC_2f6cf.dir/build.make CMakeFiles/cmTC_2f6cf.dir/build
make[1]: Entering directory '/home/nr/code/CeeBee/cmocka-build/CMakeFiles/CMakeTmp'
Building C object CMakeFiles/cmTC_2f6cf.dir/CheckFunctionExists.c.o
/usr/bin/cc   -DCHECK_FUNCTION_EXISTS=sprintf   -o CMakeFiles/cmTC_2f6cf.dir/CheckFunctionExists.c.o   -c /usr/share/cmake-3.16/Modules/CheckFunctionExists.c
<command-line>: warning: conflicting types for built-in function 'sprintf'; expected 'int(char *, const char *, ...)' [-Wbuiltin-declaration-mismatch]
/usr/share/cmake-3.16/Modules/CheckFunctionExists.c:7:3: note: in expansion of macro 'CHECK_FUNCTION_EXISTS'
    7 |   CHECK_FUNCTION_EXISTS(void);
      |   ^~~~~~~~~~~~~~~~~~~~~
/usr/share/cmake-3.16/Modules/CheckFunctionExists.c:1:1: note: 'sprintf' is declared in header '<stdio.h>'
  +++ |+#include <stdio.h>
    1 | #ifdef CHECK_FUNCTION_EXISTS
Linking C executable cmTC_2f6cf
/usr/bin/cmake -E cmake_link_script CMakeFiles/cmTC_2f6cf.dir/link.txt --verbose=1
/usr/bin/cc  -DCHECK_FUNCTION_EXISTS=sprintf    -rdynamic CMakeFiles/cmTC_2f6cf.dir/CheckFunctionExists.c.o  -o cmTC_2f6cf 
make[1]: Leaving directory '/home/nr/code/CeeBee/cmocka-build/CMakeFiles/CMakeTmp'



Determining if the function vsnprintf exists passed with the following output:
Change Dir: /home/nr/code/CeeBee/cmocka-build/CMakeFiles/CMakeTmp

Run Build Command(s):/usr/bin/make cmTC_6b06b/fast && /usr/bin/make -f CMakeFiles/cmTC_6b06b.dir/build.make CMakeFiles/cmTC_6b06b.dir/build
make[1]: Entering directory '/home/nr/code/CeeBee/cmocka-build/CMakeFiles/CMakeTmp'
Building C object CMakeFiles/cmTC_6b06b.dir/CheckFunctionExists.c.o
/usr/bin/cc   -DCHECK_FUNCTION_EXISTS=vsnprintf   -o CMakeFiles/cmTC_6b06b.dir/CheckFunctionExists.c.o   -c /usr/share/cmake-3.16/Modules/CheckFunctionExists.c
<command-line>: warning: conflicting types for built-in function 'vsnprintf'; expected 'int(char *, long unsigned int,  const char *, __va_list_tag *)' [-Wbuiltin-declaration-mismatch]
/usr/share/cmake-3.16/Modules/CheckFunctionExists.c:7:3: note: in expansion of macro 'CHECK_FUNCTION_EXISTS'
    7 |   CHECK_FUNCTION_EXISTS(void);
      |   ^~~~~~~~~~~~~~~~~~~~~
/usr/share/cmake-3.16/Modules/CheckFunctionExists.c:1:1: note: 'vsnprintf' is declared in header '<stdio.h>'
  +++ |+#include <stdio.h>
    1 | #ifdef CHECK_FUNCTION_EXISTS
Linking C executable cmTC_6b06b
/usr/bin/cmake -E cmake_link_script CMakeFiles/cmTC_6b06b.dir/link.txt --verbose=1
/usr/bin/cc  -DCHECK_FUNCTION_EXISTS=vsnprintf    -rdynamic CMakeFiles/cmTC_6b06b.dir/CheckFunctionExists.c.o  -o cmTC_6b06b 
make[1]: Leaving directory '/home/nr/code/CeeBee/cmocka-build/CMakeFiles/CMakeTmp'



Performing C SOURCE FILE Test HAVE_GCC_THREAD_LOCAL_STORAGE succeeded with the following output:
Change Dir: /home/nr/code/CeeBee/cmocka-build/CMakeFiles/CMakeTmp

Run Build Command(s):/usr/bin/make cmTC_ccf06/fast && /usr/bin/make -f CMakeFiles/cmTC_ccf06.dir/build.make CMakeFiles/cmTC_ccf06.dir/build
make[1]: Entering directory '/home/nr/code/CeeBee/cmocka-build/CMakeFiles/CMakeTmp'
Building C object CMakeFiles/cmTC_ccf06.dir/src.c.o
/usr/bin/cc   -DHAVE_GCC_THREAD_LOCAL_STORAGE   -o CMakeFiles/cmTC_ccf06.dir/src.c.o   -c /home/nr/code/CeeBee/cmocka-build/CMakeFiles/CMakeTmp/src.c
Linking C executable cmTC_ccf06
/usr/bin/cmake -E cmake_link_script CMakeFiles/cmTC_ccf06.dir/link.txt --verbose=1
/usr/bin/cc  -DHAVE_GCC_THREAD_LOCAL_STORAGE    -rdynamic CMakeFiles/cmTC_ccf06.dir/src.c.o  -o cmTC_ccf06 
make[1]: Leaving directory '/home/nr/code/CeeBee/cmocka-build/CMakeFiles/CMakeTmp'


Source file was:

__thread int tls;

int main(void) {
    return 0;
}
Performing C SOURCE FILE Test HAVE_CLOCK_REALTIME succeeded with the following output:
Change Dir: /home/nr/code/CeeBee/cmocka-build/CMakeFiles/CMakeTmp

Run Build Command(s):/usr/bin/make cmTC_d5091/fast && /usr/bin/make -f CMakeFiles/cmTC_d5091.dir/build.make CMakeFiles/cmTC_d5091.dir/build
make[1]: Entering directory '/home/nr/code/CeeBee/cmocka-build/CMakeFiles/CMakeTmp'
Building C object CMakeFiles/cmTC_d5091.dir/src.c.o
/usr/bin/cc   -DHAVE_CLOCK_REALTIME   -o CMakeFiles/cmTC_d5091.dir/src.c.o   -c /home/nr/code/CeeBee/cmocka-build/CMakeFiles/CMakeTmp/src.c
Linking C executable cmTC_d5091
/usr/bin/cmake -E cmake_link_script CMakeFiles/cmTC_d5091.dir/link.txt --verbose=1
/usr/bin/cc  -DHAVE_CLOCK_REALTIME    -rdynamic CMakeFiles/cmTC_d5091.dir/src.c.o  -o cmTC_d5091  /usr/lib/librt.so 
make[1]: Leaving directory '/home/nr/code/CeeBee/cmocka-build/CMakeFiles/CMakeTmp'


Source file was:

#include <time.h>

int main(void) {
    struct timespec ts;

    clock_gettime(CLOCK_REALTIME, &ts);

    return 0;
}
Determining size of unsigned short passed with the following output:
Change Dir: /home/nr/code/CeeBee/cmocka-build/CMakeFiles/CMakeTmp

Run Build Command(s):/usr/bin/make cmTC_8e6ba/fast && /usr/bin/make -f CMakeFiles/cmTC_8e6ba.dir/build.make CMakeFiles/cmTC_8e6ba.dir/build
make[1]: Entering directory '/home/nr/code/CeeBee/cmocka-build/CMakeFiles/CMakeTmp'
Building C object CMakeFiles/cmTC_8e6ba.dir/CMAKE_SIZEOF_UNSIGNED_SHORT.c.o
/usr/bin/cc    -o CMakeFiles/cmTC_8e6ba.dir/CMAKE_SIZEOF_UNSIGNED_SHORT.c.o   -c /home/nr/code/CeeBee/cmocka-build/CMakeFiles/CheckTypeSize/CMAKE_SIZEOF_UNSIGNED_SHORT.c
Linking C executable cmTC_8e6ba
/usr/bin/cmake -E cmake_link_script CMakeFiles/cmTC_8e6ba.dir/link.txt --verbose=1
/usr/bin/cc      -rdynamic CMakeFiles/cmTC_8e6ba.dir/CMAKE_SIZEOF_UNSIGNED_SHORT.c.o  -o cmTC_8e6ba 
make[1]: Leaving directory '/home/nr/code/CeeBee/cmocka-build/CMakeFiles/CMakeTmp'



Determining if the system is big endian passed with the following output:
Change Dir: /home/nr/code/CeeBee/cmocka-build/CMakeFiles/CMakeTmp

Run Build Command(s):/usr/bin/make cmTC_34de3/fast && /usr/bin/make -f CMakeFiles/cmTC_34de3.dir/build.make CMakeFiles/cmTC_34de3.dir/build
make[1]: Entering directory '/home/nr/code/CeeBee/cmocka-build/CMakeFiles/CMakeTmp'
Building C object CMakeFiles/cmTC_34de3.dir/TestEndianess.c.o
/usr/bin/cc    -o CMakeFiles/cmTC_34de3.dir/TestEndianess.c.o   -c /home/nr/code/CeeBee/cmocka-build/CMakeFiles/CMakeTmp/TestEndianess.c
Linking C executable cmTC_34de3
/usr/bin/cmake -E cmake_link_script CMakeFiles/cmTC_34de3.dir/link.txt --verbose=1
/usr/bin/cc      -rdynamic CMakeFiles/cmTC_34de3.dir/TestEndianess.c.o  -o cmTC_34de3 
make[1]: Leaving directory '/home/nr/code/CeeBee/cmocka-build/CMakeFiles/CMakeTmp'


TestEndianess.c:
/* A 16 bit integer is required. */
typedef unsigned short cmakeint16;

/* On a little endian machine, these 16bit ints will give "THIS IS LITTLE ENDIAN."
   On a big endian machine the characters will be exchanged pairwise. */
const cmakeint16 info_little[] =  {0x4854, 0x5349, 0x4920, 0x2053, 0x494c, 0x5454, 0x454c, 0x4520, 0x444e, 0x4149, 0x2e4e, 0x0000};

/* on a big endian machine, these 16bit ints will give "THIS IS BIG ENDIAN."
   On a little endian machine the characters will be exchanged pairwise. */
const cmakeint16 info_big[] =     {0x5448, 0x4953, 0x2049, 0x5320, 0x4249, 0x4720, 0x454e, 0x4449, 0x414e, 0x2e2e, 0x0000};

#ifdef __CLASSIC_C__
int main(argc, argv) int argc; char *argv[];
#else
int main(int argc, char *argv[])
#endif
{
  int require = 0;
  require += info_little[argc];
  require += info_big[argc];
  (void)argv;
  return require;
}


